<?xml version="1.0" encoding="UTF-8"?>
<testng-results skipped="0" failed="0" ignored="0" total="3" passed="3">
  <reporter-output>
  </reporter-output>
  <suite name="Default suite" duration-ms="121066" started-at="2019-10-20T12:01:24Z" finished-at="2019-10-20T12:03:25Z">
    <groups>
    </groups>
    <test name="Default test" duration-ms="121066" started-at="2019-10-20T12:01:24Z" finished-at="2019-10-20T12:03:25Z">
      <class name="tests.SNM_External_NumberSeries_Test">
        <test-method status="PASS" signature="beforeSuite()[pri:0, instance:tests.SNM_External_NumberSeries_Test@9660f4e]" name="beforeSuite" is-config="true" duration-ms="1453" started-at="2019-10-20T12:01:23Z" finished-at="2019-10-20T12:01:24Z">
          <reporter-output>
          </reporter-output>
        </test-method> <!-- beforeSuite -->
        <test-method status="PASS" signature="beforeClass()[pri:0, instance:tests.SNM_External_NumberSeries_Test@9660f4e]" name="beforeClass" is-config="true" duration-ms="26" started-at="2019-10-20T12:01:24Z" finished-at="2019-10-20T12:01:24Z">
          <reporter-output>
          </reporter-output>
        </test-method> <!-- beforeClass -->
        <test-method status="PASS" signature="beforeMethod(org.testng.ITestContext)[pri:0, instance:tests.SNM_External_NumberSeries_Test@9660f4e]" name="beforeMethod" is-config="true" duration-ms="5788" started-at="2019-10-20T12:01:24Z" finished-at="2019-10-20T12:01:30Z">
          <params>
            <param index="0">
              <value>
                <![CDATA[org.testng.TestRunner@c5ee75e]]>
              </value>
            </param>
          </params>
          <reporter-output>
          </reporter-output>
        </test-method> <!-- beforeMethod -->
        <test-method status="PASS" signature="test_create_directInwardServiceAccess(java.lang.reflect.Method, org.testng.ITestContext)[pri:0, instance:tests.SNM_External_NumberSeries_Test@9660f4e]" name="test_create_directInwardServiceAccess" duration-ms="33809" started-at="2019-10-20T12:01:30Z" finished-at="2019-10-20T12:02:04Z">
          <params>
            <param index="0">
              <value>
                <![CDATA[public void tests.SNM_External_NumberSeries_Test.test_create_directInwardServiceAccess(java.lang.reflect.Method,org.testng.ITestContext) throws java.lang.Exception]]>
              </value>
            </param>
            <param index="1">
              <value>
                <![CDATA[org.testng.TestRunner@c5ee75e]]>
              </value>
            </param>
          </params>
          <reporter-output>
          </reporter-output>
        </test-method> <!-- test_create_directInwardServiceAccess -->
        <test-method status="PASS" signature="afterMethod(org.testng.ITestResult)[pri:0, instance:tests.SNM_External_NumberSeries_Test@9660f4e]" name="afterMethod" is-config="true" duration-ms="638" started-at="2019-10-20T12:02:04Z" finished-at="2019-10-20T12:02:05Z">
          <params>
            <param index="0">
              <value>
                <![CDATA[[TestResult name=test_create_directInwardServiceAccess status=SUCCESS method=SNM_External_NumberSeries_Test.test_create_directInwardServiceAccess(java.lang.reflect.Method, org.testng.ITestContext)[pri:0, instance:tests.SNM_External_NumberSeries_Test@9660f4e] output={null}]]]>
              </value>
            </param>
          </params>
          <reporter-output>
          </reporter-output>
        </test-method> <!-- afterMethod -->
        <test-method status="PASS" signature="beforeMethod(org.testng.ITestContext)[pri:0, instance:tests.SNM_External_NumberSeries_Test@9660f4e]" name="beforeMethod" is-config="true" duration-ms="4691" started-at="2019-10-20T12:02:05Z" finished-at="2019-10-20T12:02:09Z">
          <params>
            <param index="0">
              <value>
                <![CDATA[org.testng.TestRunner@c5ee75e]]>
              </value>
            </param>
          </params>
          <reporter-output>
          </reporter-output>
        </test-method> <!-- beforeMethod -->
        <test-method status="PASS" signature="test_create_fictiousDestNumbers(java.lang.reflect.Method, org.testng.ITestContext)[pri:0, instance:tests.SNM_External_NumberSeries_Test@9660f4e]" name="test_create_fictiousDestNumbers" duration-ms="32547" started-at="2019-10-20T12:02:09Z" finished-at="2019-10-20T12:02:42Z">
          <params>
            <param index="0">
              <value>
                <![CDATA[public void tests.SNM_External_NumberSeries_Test.test_create_fictiousDestNumbers(java.lang.reflect.Method,org.testng.ITestContext) throws java.lang.Exception]]>
              </value>
            </param>
            <param index="1">
              <value>
                <![CDATA[org.testng.TestRunner@c5ee75e]]>
              </value>
            </param>
          </params>
          <reporter-output>
          </reporter-output>
        </test-method> <!-- test_create_fictiousDestNumbers -->
        <test-method status="PASS" signature="afterMethod(org.testng.ITestResult)[pri:0, instance:tests.SNM_External_NumberSeries_Test@9660f4e]" name="afterMethod" is-config="true" duration-ms="2499" started-at="2019-10-20T12:02:42Z" finished-at="2019-10-20T12:02:44Z">
          <params>
            <param index="0">
              <value>
                <![CDATA[[TestResult name=test_create_fictiousDestNumbers status=SUCCESS method=SNM_External_NumberSeries_Test.test_create_fictiousDestNumbers(java.lang.reflect.Method, org.testng.ITestContext)[pri:0, instance:tests.SNM_External_NumberSeries_Test@9660f4e] output={null}]]]>
              </value>
            </param>
          </params>
          <reporter-output>
          </reporter-output>
        </test-method> <!-- afterMethod -->
        <test-method status="PASS" signature="beforeMethod(org.testng.ITestContext)[pri:0, instance:tests.SNM_External_NumberSeries_Test@9660f4e]" name="beforeMethod" is-config="true" duration-ms="5063" started-at="2019-10-20T12:02:44Z" finished-at="2019-10-20T12:02:49Z">
          <params>
            <param index="0">
              <value>
                <![CDATA[org.testng.TestRunner@c5ee75e]]>
              </value>
            </param>
          </params>
          <reporter-output>
          </reporter-output>
        </test-method> <!-- beforeMethod -->
        <test-method status="PASS" signature="test_create_publicDestLeastCostRouting(java.lang.reflect.Method, org.testng.ITestContext)[pri:0, instance:tests.SNM_External_NumberSeries_Test@9660f4e]" name="test_create_publicDestLeastCostRouting" duration-ms="33504" started-at="2019-10-20T12:02:49Z" finished-at="2019-10-20T12:03:23Z">
          <params>
            <param index="0">
              <value>
                <![CDATA[public void tests.SNM_External_NumberSeries_Test.test_create_publicDestLeastCostRouting(java.lang.reflect.Method,org.testng.ITestContext) throws java.lang.Exception]]>
              </value>
            </param>
            <param index="1">
              <value>
                <![CDATA[org.testng.TestRunner@c5ee75e]]>
              </value>
            </param>
          </params>
          <reporter-output>
          </reporter-output>
        </test-method> <!-- test_create_publicDestLeastCostRouting -->
        <test-method status="PASS" signature="afterMethod(org.testng.ITestResult)[pri:0, instance:tests.SNM_External_NumberSeries_Test@9660f4e]" name="afterMethod" is-config="true" duration-ms="2430" started-at="2019-10-20T12:03:23Z" finished-at="2019-10-20T12:03:25Z">
          <params>
            <param index="0">
              <value>
                <![CDATA[[TestResult name=test_create_publicDestLeastCostRouting status=SUCCESS method=SNM_External_NumberSeries_Test.test_create_publicDestLeastCostRouting(java.lang.reflect.Method, org.testng.ITestContext)[pri:0, instance:tests.SNM_External_NumberSeries_Test@9660f4e] output={null}]]]>
              </value>
            </param>
          </params>
          <reporter-output>
          </reporter-output>
        </test-method> <!-- afterMethod -->
        <test-method status="PASS" signature="afterClass()[pri:0, instance:tests.SNM_External_NumberSeries_Test@9660f4e]" name="afterClass" is-config="true" duration-ms="0" started-at="2019-10-20T12:03:25Z" finished-at="2019-10-20T12:03:25Z">
          <reporter-output>
          </reporter-output>
        </test-method> <!-- afterClass -->
        <test-method status="PASS" signature="afterSuite()[pri:0, instance:tests.SNM_External_NumberSeries_Test@9660f4e]" name="afterSuite" is-config="true" duration-ms="0" started-at="2019-10-20T12:03:25Z" finished-at="2019-10-20T12:03:25Z">
          <reporter-output>
          </reporter-output>
        </test-method> <!-- afterSuite -->
      </class> <!-- tests.SNM_External_NumberSeries_Test -->
    </test> <!-- Default test -->
  </suite> <!-- Default suite -->
</testng-results>
