<?xml version="1.0" encoding="UTF-8"?>
<testng-results skipped="4" failed="0" ignored="0" total="5" passed="1">
  <reporter-output>
  </reporter-output>
  <suite name="Suite" duration-ms="74542" started-at="2019-08-17T14:08:53Z" finished-at="2019-08-17T14:10:08Z">
    <groups>
    </groups>
    <test name="Test" duration-ms="74542" started-at="2019-08-17T14:08:53Z" finished-at="2019-08-17T14:10:08Z">
      <class name="tests.PM_User_Test">
        <test-method status="PASS" signature="beforeSuite()[pri:0, instance:tests.PM_User_Test@6e1ec318]" name="beforeSuite" is-config="true" duration-ms="1089" started-at="2019-08-17T14:08:52Z" finished-at="2019-08-17T14:08:53Z">
          <reporter-output>
          </reporter-output>
        </test-method> <!-- beforeSuite -->
        <test-method status="PASS" signature="beforeClass()[pri:0, instance:tests.PM_User_Test@6e1ec318]" name="beforeClass" is-config="true" duration-ms="7034" started-at="2019-08-17T14:08:53Z" finished-at="2019-08-17T14:09:00Z">
          <reporter-output>
          </reporter-output>
        </test-method> <!-- beforeClass -->
        <test-method status="PASS" signature="beforeMethod()[pri:0, instance:tests.PM_User_Test@6e1ec318]" name="beforeMethod" is-config="true" duration-ms="31" started-at="2019-08-17T14:09:00Z" finished-at="2019-08-17T14:09:00Z">
          <reporter-output>
          </reporter-output>
        </test-method> <!-- beforeMethod -->
        <test-method status="SKIP" signature="test_create_user(java.lang.reflect.Method)[pri:0, instance:tests.PM_User_Test@6e1ec318]" name="test_create_user" duration-ms="14558" started-at="2019-08-17T14:09:00Z" finished-at="2019-08-17T14:09:15Z">
          <params>
            <param index="0">
              <value>
                <![CDATA[public void tests.PM_User_Test.test_create_user(java.lang.reflect.Method) throws java.lang.InterruptedException]]>
              </value>
            </param>
          </params>
          <exception class="org.testng.SkipException">
            <message>
              <![CDATA[TestCase test_create_user is Skipped because flag is set to NO]]>
            </message>
            <full-stacktrace>
              <![CDATA[org.testng.SkipException: TestCase test_create_user is Skipped because flag is set to NO
at utilities.ExcelReadAndWrite.checkTestStatus(ExcelReadAndWrite.java:97)
at tests.PM_User_Test.test_create_user(PM_User_Test.java:35)
at sun.reflect.NativeMethodAccessorImpl.invoke0(Native Method)
at sun.reflect.NativeMethodAccessorImpl.invoke(NativeMethodAccessorImpl.java:62)
at sun.reflect.DelegatingMethodAccessorImpl.invoke(DelegatingMethodAccessorImpl.java:43)
at java.lang.reflect.Method.invoke(Method.java:498)
at org.testng.internal.MethodInvocationHelper.invokeMethod(MethodInvocationHelper.java:124)
at org.testng.internal.Invoker.invokeMethod(Invoker.java:583)
at org.testng.internal.Invoker.invokeTestMethod(Invoker.java:719)
at org.testng.internal.Invoker.invokeTestMethods(Invoker.java:989)
at org.testng.internal.TestMethodWorker.invokeTestMethods(TestMethodWorker.java:125)
at org.testng.internal.TestMethodWorker.run(TestMethodWorker.java:109)
at org.testng.TestRunner.privateRun(TestRunner.java:648)
at org.testng.TestRunner.run(TestRunner.java:505)
at org.testng.SuiteRunner.runTest(SuiteRunner.java:455)
at org.testng.SuiteRunner.runSequentially(SuiteRunner.java:450)
at org.testng.SuiteRunner.privateRun(SuiteRunner.java:415)
at org.testng.SuiteRunner.run(SuiteRunner.java:364)
at org.testng.SuiteRunnerWorker.runSuite(SuiteRunnerWorker.java:52)
at org.testng.SuiteRunnerWorker.run(SuiteRunnerWorker.java:84)
at org.testng.TestNG.runSuitesSequentially(TestNG.java:1208)
at org.testng.TestNG.runSuitesLocally(TestNG.java:1137)
at org.testng.TestNG.runSuites(TestNG.java:1049)
at org.testng.TestNG.run(TestNG.java:1017)
at org.testng.remote.AbstractRemoteTestNG.run(AbstractRemoteTestNG.java:114)
at org.testng.remote.RemoteTestNG.initAndRun(RemoteTestNG.java:251)
at org.testng.remote.RemoteTestNG.main(RemoteTestNG.java:77)
]]>
            </full-stacktrace>
          </exception> <!-- org.testng.SkipException -->
          <reporter-output>
          </reporter-output>
        </test-method> <!-- test_create_user -->
        <test-method status="PASS" signature="afterMethod(org.testng.ITestResult)[pri:0, instance:tests.PM_User_Test@6e1ec318]" name="afterMethod" is-config="true" duration-ms="3" started-at="2019-08-17T14:09:15Z" finished-at="2019-08-17T14:09:15Z">
          <params>
            <param index="0">
              <value>
                <![CDATA[[TestResult name=test_create_user status=SKIP method=PM_User_Test.test_create_user(java.lang.reflect.Method)[pri:0, instance:tests.PM_User_Test@6e1ec318] output={null}]]]>
              </value>
            </param>
          </params>
          <reporter-output>
          </reporter-output>
        </test-method> <!-- afterMethod -->
        <test-method status="PASS" signature="beforeMethod()[pri:0, instance:tests.PM_User_Test@6e1ec318]" name="beforeMethod" is-config="true" duration-ms="80" started-at="2019-08-17T14:09:15Z" finished-at="2019-08-17T14:09:15Z">
          <reporter-output>
          </reporter-output>
        </test-method> <!-- beforeMethod -->
        <test-method status="SKIP" signature="test_delete_user(java.lang.reflect.Method)[pri:0, instance:tests.PM_User_Test@6e1ec318]" name="test_delete_user" duration-ms="6" started-at="2019-08-17T14:09:15Z" finished-at="2019-08-17T14:09:15Z">
          <params>
            <param index="0">
              <value>
                <![CDATA[public void tests.PM_User_Test.test_delete_user(java.lang.reflect.Method) throws java.lang.InterruptedException]]>
              </value>
            </param>
          </params>
          <exception class="org.testng.SkipException">
            <message>
              <![CDATA[TestCase test_delete_user is Skipped because flag is set to NO]]>
            </message>
            <full-stacktrace>
              <![CDATA[org.testng.SkipException: TestCase test_delete_user is Skipped because flag is set to NO
at utilities.ExcelReadAndWrite.checkTestStatus(ExcelReadAndWrite.java:97)
at tests.PM_User_Test.test_delete_user(PM_User_Test.java:86)
at sun.reflect.NativeMethodAccessorImpl.invoke0(Native Method)
at sun.reflect.NativeMethodAccessorImpl.invoke(NativeMethodAccessorImpl.java:62)
at sun.reflect.DelegatingMethodAccessorImpl.invoke(DelegatingMethodAccessorImpl.java:43)
at java.lang.reflect.Method.invoke(Method.java:498)
at org.testng.internal.MethodInvocationHelper.invokeMethod(MethodInvocationHelper.java:124)
at org.testng.internal.Invoker.invokeMethod(Invoker.java:583)
at org.testng.internal.Invoker.invokeTestMethod(Invoker.java:719)
at org.testng.internal.Invoker.invokeTestMethods(Invoker.java:989)
at org.testng.internal.TestMethodWorker.invokeTestMethods(TestMethodWorker.java:125)
at org.testng.internal.TestMethodWorker.run(TestMethodWorker.java:109)
at org.testng.TestRunner.privateRun(TestRunner.java:648)
at org.testng.TestRunner.run(TestRunner.java:505)
at org.testng.SuiteRunner.runTest(SuiteRunner.java:455)
at org.testng.SuiteRunner.runSequentially(SuiteRunner.java:450)
at org.testng.SuiteRunner.privateRun(SuiteRunner.java:415)
at org.testng.SuiteRunner.run(SuiteRunner.java:364)
at org.testng.SuiteRunnerWorker.runSuite(SuiteRunnerWorker.java:52)
at org.testng.SuiteRunnerWorker.run(SuiteRunnerWorker.java:84)
at org.testng.TestNG.runSuitesSequentially(TestNG.java:1208)
at org.testng.TestNG.runSuitesLocally(TestNG.java:1137)
at org.testng.TestNG.runSuites(TestNG.java:1049)
at org.testng.TestNG.run(TestNG.java:1017)
at org.testng.remote.AbstractRemoteTestNG.run(AbstractRemoteTestNG.java:114)
at org.testng.remote.RemoteTestNG.initAndRun(RemoteTestNG.java:251)
at org.testng.remote.RemoteTestNG.main(RemoteTestNG.java:77)
]]>
            </full-stacktrace>
          </exception> <!-- org.testng.SkipException -->
          <reporter-output>
          </reporter-output>
        </test-method> <!-- test_delete_user -->
        <test-method status="PASS" signature="afterMethod(org.testng.ITestResult)[pri:0, instance:tests.PM_User_Test@6e1ec318]" name="afterMethod" is-config="true" duration-ms="0" started-at="2019-08-17T14:09:15Z" finished-at="2019-08-17T14:09:15Z">
          <params>
            <param index="0">
              <value>
                <![CDATA[[TestResult name=test_delete_user status=SKIP method=PM_User_Test.test_delete_user(java.lang.reflect.Method)[pri:0, instance:tests.PM_User_Test@6e1ec318] output={null}]]]>
              </value>
            </param>
          </params>
          <reporter-output>
          </reporter-output>
        </test-method> <!-- afterMethod -->
        <test-method status="PASS" signature="beforeMethod()[pri:0, instance:tests.PM_User_Test@6e1ec318]" name="beforeMethod" is-config="true" duration-ms="56" started-at="2019-08-17T14:09:15Z" finished-at="2019-08-17T14:09:15Z">
          <reporter-output>
          </reporter-output>
        </test-method> <!-- beforeMethod -->
        <test-method status="PASS" signature="test_delete_user_byClicking_delete_button(java.lang.reflect.Method)[pri:0, instance:tests.PM_User_Test@6e1ec318]" name="test_delete_user_byClicking_delete_button" duration-ms="24265" started-at="2019-08-17T14:09:15Z" finished-at="2019-08-17T14:09:39Z">
          <params>
            <param index="0">
              <value>
                <![CDATA[public void tests.PM_User_Test.test_delete_user_byClicking_delete_button(java.lang.reflect.Method) throws java.lang.InterruptedException]]>
              </value>
            </param>
          </params>
          <reporter-output>
          </reporter-output>
        </test-method> <!-- test_delete_user_byClicking_delete_button -->
        <test-method status="PASS" signature="afterMethod(org.testng.ITestResult)[pri:0, instance:tests.PM_User_Test@6e1ec318]" name="afterMethod" is-config="true" duration-ms="2" started-at="2019-08-17T14:09:39Z" finished-at="2019-08-17T14:09:39Z">
          <params>
            <param index="0">
              <value>
                <![CDATA[[TestResult name=test_delete_user_byClicking_delete_button status=SUCCESS method=PM_User_Test.test_delete_user_byClicking_delete_button(java.lang.reflect.Method)[pri:0, instance:tests.PM_User_Test@6e1ec318] output={null}]]]>
              </value>
            </param>
          </params>
          <reporter-output>
          </reporter-output>
        </test-method> <!-- afterMethod -->
        <test-method status="PASS" signature="beforeMethod()[pri:0, instance:tests.PM_User_Test@6e1ec318]" name="beforeMethod" is-config="true" duration-ms="42" started-at="2019-08-17T14:09:39Z" finished-at="2019-08-17T14:09:39Z">
          <reporter-output>
          </reporter-output>
        </test-method> <!-- beforeMethod -->
        <test-method status="SKIP" signature="test_edit_user(java.lang.reflect.Method)[pri:0, instance:tests.PM_User_Test@6e1ec318]" name="test_edit_user" duration-ms="13531" started-at="2019-08-17T14:09:39Z" finished-at="2019-08-17T14:09:53Z">
          <params>
            <param index="0">
              <value>
                <![CDATA[public void tests.PM_User_Test.test_edit_user(java.lang.reflect.Method) throws java.lang.InterruptedException]]>
              </value>
            </param>
          </params>
          <exception class="org.testng.SkipException">
            <message>
              <![CDATA[TestCase test_edit_user is Skipped because flag is set to NO]]>
            </message>
            <full-stacktrace>
              <![CDATA[org.testng.SkipException: TestCase test_edit_user is Skipped because flag is set to NO
at utilities.ExcelReadAndWrite.checkTestStatus(ExcelReadAndWrite.java:97)
at tests.PM_User_Test.test_edit_user(PM_User_Test.java:52)
at sun.reflect.NativeMethodAccessorImpl.invoke0(Native Method)
at sun.reflect.NativeMethodAccessorImpl.invoke(NativeMethodAccessorImpl.java:62)
at sun.reflect.DelegatingMethodAccessorImpl.invoke(DelegatingMethodAccessorImpl.java:43)
at java.lang.reflect.Method.invoke(Method.java:498)
at org.testng.internal.MethodInvocationHelper.invokeMethod(MethodInvocationHelper.java:124)
at org.testng.internal.Invoker.invokeMethod(Invoker.java:583)
at org.testng.internal.Invoker.invokeTestMethod(Invoker.java:719)
at org.testng.internal.Invoker.invokeTestMethods(Invoker.java:989)
at org.testng.internal.TestMethodWorker.invokeTestMethods(TestMethodWorker.java:125)
at org.testng.internal.TestMethodWorker.run(TestMethodWorker.java:109)
at org.testng.TestRunner.privateRun(TestRunner.java:648)
at org.testng.TestRunner.run(TestRunner.java:505)
at org.testng.SuiteRunner.runTest(SuiteRunner.java:455)
at org.testng.SuiteRunner.runSequentially(SuiteRunner.java:450)
at org.testng.SuiteRunner.privateRun(SuiteRunner.java:415)
at org.testng.SuiteRunner.run(SuiteRunner.java:364)
at org.testng.SuiteRunnerWorker.runSuite(SuiteRunnerWorker.java:52)
at org.testng.SuiteRunnerWorker.run(SuiteRunnerWorker.java:84)
at org.testng.TestNG.runSuitesSequentially(TestNG.java:1208)
at org.testng.TestNG.runSuitesLocally(TestNG.java:1137)
at org.testng.TestNG.runSuites(TestNG.java:1049)
at org.testng.TestNG.run(TestNG.java:1017)
at org.testng.remote.AbstractRemoteTestNG.run(AbstractRemoteTestNG.java:114)
at org.testng.remote.RemoteTestNG.initAndRun(RemoteTestNG.java:251)
at org.testng.remote.RemoteTestNG.main(RemoteTestNG.java:77)
]]>
            </full-stacktrace>
          </exception> <!-- org.testng.SkipException -->
          <reporter-output>
          </reporter-output>
        </test-method> <!-- test_edit_user -->
        <test-method status="PASS" signature="afterMethod(org.testng.ITestResult)[pri:0, instance:tests.PM_User_Test@6e1ec318]" name="afterMethod" is-config="true" duration-ms="2" started-at="2019-08-17T14:09:53Z" finished-at="2019-08-17T14:09:53Z">
          <params>
            <param index="0">
              <value>
                <![CDATA[[TestResult name=test_edit_user status=SKIP method=PM_User_Test.test_edit_user(java.lang.reflect.Method)[pri:0, instance:tests.PM_User_Test@6e1ec318] output={null}]]]>
              </value>
            </param>
          </params>
          <reporter-output>
          </reporter-output>
        </test-method> <!-- afterMethod -->
        <test-method status="PASS" signature="beforeMethod()[pri:0, instance:tests.PM_User_Test@6e1ec318]" name="beforeMethod" is-config="true" duration-ms="39" started-at="2019-08-17T14:09:53Z" finished-at="2019-08-17T14:09:53Z">
          <reporter-output>
          </reporter-output>
        </test-method> <!-- beforeMethod -->
        <test-method status="SKIP" signature="test_userSearchUsingViewSymbol(java.lang.reflect.Method)[pri:0, instance:tests.PM_User_Test@6e1ec318]" name="test_userSearchUsingViewSymbol" duration-ms="13477" started-at="2019-08-17T14:09:53Z" finished-at="2019-08-17T14:10:06Z">
          <params>
            <param index="0">
              <value>
                <![CDATA[public void tests.PM_User_Test.test_userSearchUsingViewSymbol(java.lang.reflect.Method) throws java.lang.InterruptedException]]>
              </value>
            </param>
          </params>
          <exception class="org.testng.SkipException">
            <message>
              <![CDATA[TestCase test_userSearchUsingViewSymbol is Skipped because flag is set to NO]]>
            </message>
            <full-stacktrace>
              <![CDATA[org.testng.SkipException: TestCase test_userSearchUsingViewSymbol is Skipped because flag is set to NO
at utilities.ExcelReadAndWrite.checkTestStatus(ExcelReadAndWrite.java:97)
at tests.PM_User_Test.test_userSearchUsingViewSymbol(PM_User_Test.java:101)
at sun.reflect.NativeMethodAccessorImpl.invoke0(Native Method)
at sun.reflect.NativeMethodAccessorImpl.invoke(NativeMethodAccessorImpl.java:62)
at sun.reflect.DelegatingMethodAccessorImpl.invoke(DelegatingMethodAccessorImpl.java:43)
at java.lang.reflect.Method.invoke(Method.java:498)
at org.testng.internal.MethodInvocationHelper.invokeMethod(MethodInvocationHelper.java:124)
at org.testng.internal.Invoker.invokeMethod(Invoker.java:583)
at org.testng.internal.Invoker.invokeTestMethod(Invoker.java:719)
at org.testng.internal.Invoker.invokeTestMethods(Invoker.java:989)
at org.testng.internal.TestMethodWorker.invokeTestMethods(TestMethodWorker.java:125)
at org.testng.internal.TestMethodWorker.run(TestMethodWorker.java:109)
at org.testng.TestRunner.privateRun(TestRunner.java:648)
at org.testng.TestRunner.run(TestRunner.java:505)
at org.testng.SuiteRunner.runTest(SuiteRunner.java:455)
at org.testng.SuiteRunner.runSequentially(SuiteRunner.java:450)
at org.testng.SuiteRunner.privateRun(SuiteRunner.java:415)
at org.testng.SuiteRunner.run(SuiteRunner.java:364)
at org.testng.SuiteRunnerWorker.runSuite(SuiteRunnerWorker.java:52)
at org.testng.SuiteRunnerWorker.run(SuiteRunnerWorker.java:84)
at org.testng.TestNG.runSuitesSequentially(TestNG.java:1208)
at org.testng.TestNG.runSuitesLocally(TestNG.java:1137)
at org.testng.TestNG.runSuites(TestNG.java:1049)
at org.testng.TestNG.run(TestNG.java:1017)
at org.testng.remote.AbstractRemoteTestNG.run(AbstractRemoteTestNG.java:114)
at org.testng.remote.RemoteTestNG.initAndRun(RemoteTestNG.java:251)
at org.testng.remote.RemoteTestNG.main(RemoteTestNG.java:77)
]]>
            </full-stacktrace>
          </exception> <!-- org.testng.SkipException -->
          <reporter-output>
          </reporter-output>
        </test-method> <!-- test_userSearchUsingViewSymbol -->
        <test-method status="PASS" signature="afterMethod(org.testng.ITestResult)[pri:0, instance:tests.PM_User_Test@6e1ec318]" name="afterMethod" is-config="true" duration-ms="0" started-at="2019-08-17T14:10:06Z" finished-at="2019-08-17T14:10:06Z">
          <params>
            <param index="0">
              <value>
                <![CDATA[[TestResult name=test_userSearchUsingViewSymbol status=SKIP method=PM_User_Test.test_userSearchUsingViewSymbol(java.lang.reflect.Method)[pri:0, instance:tests.PM_User_Test@6e1ec318] output={null}]]]>
              </value>
            </param>
          </params>
          <reporter-output>
          </reporter-output>
        </test-method> <!-- afterMethod -->
        <test-method status="PASS" signature="afterClass()[pri:0, instance:tests.PM_User_Test@6e1ec318]" name="afterClass" is-config="true" duration-ms="1337" started-at="2019-08-17T14:10:06Z" finished-at="2019-08-17T14:10:08Z">
          <reporter-output>
          </reporter-output>
        </test-method> <!-- afterClass -->
        <test-method status="PASS" signature="afterSuite()[pri:0, instance:tests.PM_User_Test@6e1ec318]" name="afterSuite" is-config="true" duration-ms="0" started-at="2019-08-17T14:10:08Z" finished-at="2019-08-17T14:10:08Z">
          <reporter-output>
          </reporter-output>
        </test-method> <!-- afterSuite -->
      </class> <!-- tests.PM_User_Test -->
    </test> <!-- Test -->
  </suite> <!-- Suite -->
</testng-results>
