<?xml version="1.0" encoding="UTF-8"?>
<testng-results skipped="0" failed="0" ignored="0" total="2" passed="2">
  <reporter-output>
  </reporter-output>
  <suite name="Suite" duration-ms="37857" started-at="2019-08-15T13:09:25Z" finished-at="2019-08-15T13:10:02Z">
    <groups>
    </groups>
    <test name="Test" duration-ms="37857" started-at="2019-08-15T13:09:25Z" finished-at="2019-08-15T13:10:02Z">
      <class name="tests.PM_User_Test">
        <test-method status="PASS" signature="beforeSuite()[pri:0, instance:tests.PM_User_Test@6e1ec318]" name="beforeSuite" is-config="true" duration-ms="1016" started-at="2019-08-15T13:09:24Z" finished-at="2019-08-15T13:09:25Z">
          <reporter-output>
          </reporter-output>
        </test-method> <!-- beforeSuite -->
        <test-method status="PASS" signature="beforeClass()[pri:0, instance:tests.PM_User_Test@6e1ec318]" name="beforeClass" is-config="true" duration-ms="6190" started-at="2019-08-15T13:09:25Z" finished-at="2019-08-15T13:09:31Z">
          <reporter-output>
          </reporter-output>
        </test-method> <!-- beforeClass -->
        <test-method status="PASS" signature="beforeMethod()[pri:0, instance:tests.PM_User_Test@6e1ec318]" name="beforeMethod" is-config="true" duration-ms="47" started-at="2019-08-15T13:09:31Z" finished-at="2019-08-15T13:09:31Z">
          <reporter-output>
          </reporter-output>
        </test-method> <!-- beforeMethod -->
        <test-method status="PASS" signature="test_create_user(java.lang.reflect.Method)[pri:0, instance:tests.PM_User_Test@6e1ec318]" name="test_create_user" duration-ms="13523" started-at="2019-08-15T13:09:31Z" finished-at="2019-08-15T13:09:44Z">
          <params>
            <param index="0">
              <value>
                <![CDATA[public void tests.PM_User_Test.test_create_user(java.lang.reflect.Method) throws java.lang.InterruptedException]]>
              </value>
            </param>
          </params>
          <reporter-output>
          </reporter-output>
        </test-method> <!-- test_create_user -->
        <test-method status="PASS" signature="afterMethod(org.testng.ITestResult)[pri:0, instance:tests.PM_User_Test@6e1ec318]" name="afterMethod" is-config="true" duration-ms="0" started-at="2019-08-15T13:09:44Z" finished-at="2019-08-15T13:09:44Z">
          <params>
            <param index="0">
              <value>
                <![CDATA[[TestResult name=test_create_user status=SUCCESS method=PM_User_Test.test_create_user(java.lang.reflect.Method)[pri:0, instance:tests.PM_User_Test@6e1ec318] output={null}]]]>
              </value>
            </param>
          </params>
          <reporter-output>
          </reporter-output>
        </test-method> <!-- afterMethod -->
        <test-method status="PASS" signature="beforeMethod()[pri:0, instance:tests.PM_User_Test@6e1ec318]" name="beforeMethod" is-config="true" duration-ms="19" started-at="2019-08-15T13:09:44Z" finished-at="2019-08-15T13:09:44Z">
          <reporter-output>
          </reporter-output>
        </test-method> <!-- beforeMethod -->
        <test-method status="PASS" signature="test_edit_user(java.lang.reflect.Method)[pri:0, instance:tests.PM_User_Test@6e1ec318]" name="test_edit_user" duration-ms="16755" started-at="2019-08-15T13:09:44Z" finished-at="2019-08-15T13:10:01Z">
          <params>
            <param index="0">
              <value>
                <![CDATA[public void tests.PM_User_Test.test_edit_user(java.lang.reflect.Method) throws java.lang.InterruptedException]]>
              </value>
            </param>
          </params>
          <reporter-output>
          </reporter-output>
        </test-method> <!-- test_edit_user -->
        <test-method status="PASS" signature="afterMethod(org.testng.ITestResult)[pri:0, instance:tests.PM_User_Test@6e1ec318]" name="afterMethod" is-config="true" duration-ms="2" started-at="2019-08-15T13:10:01Z" finished-at="2019-08-15T13:10:01Z">
          <params>
            <param index="0">
              <value>
                <![CDATA[[TestResult name=test_edit_user status=SUCCESS method=PM_User_Test.test_edit_user(java.lang.reflect.Method)[pri:0, instance:tests.PM_User_Test@6e1ec318] output={null}]]]>
              </value>
            </param>
          </params>
          <reporter-output>
          </reporter-output>
        </test-method> <!-- afterMethod -->
        <test-method status="PASS" signature="afterClass()[pri:0, instance:tests.PM_User_Test@6e1ec318]" name="afterClass" is-config="true" duration-ms="1311" started-at="2019-08-15T13:10:01Z" finished-at="2019-08-15T13:10:02Z">
          <reporter-output>
          </reporter-output>
        </test-method> <!-- afterClass -->
        <test-method status="PASS" signature="afterSuite()[pri:0, instance:tests.PM_User_Test@6e1ec318]" name="afterSuite" is-config="true" duration-ms="0" started-at="2019-08-15T13:10:02Z" finished-at="2019-08-15T13:10:02Z">
          <reporter-output>
          </reporter-output>
        </test-method> <!-- afterSuite -->
      </class> <!-- tests.PM_User_Test -->
    </test> <!-- Test -->
  </suite> <!-- Suite -->
</testng-results>
