<?xml version="1.0" encoding="UTF-8"?>
<testng-results skipped="0" failed="0" ignored="0" total="1" passed="1">
  <reporter-output>
  </reporter-output>
  <suite name="Default suite" duration-ms="225056" started-at="2019-09-16T06:09:44Z" finished-at="2019-09-16T06:13:29Z">
    <groups>
    </groups>
    <test name="Default test" duration-ms="225056" started-at="2019-09-16T06:09:44Z" finished-at="2019-09-16T06:13:29Z">
      <class name="tests.PM_PersonalNumber_Tests">
        <test-method status="PASS" signature="beforeSuite()[pri:0, instance:tests.PM_PersonalNumber_Tests@617faa95]" name="beforeSuite" is-config="true" duration-ms="1149" started-at="2019-09-16T06:09:43Z" finished-at="2019-09-16T06:09:44Z">
          <reporter-output>
          </reporter-output>
        </test-method> <!-- beforeSuite -->
        <test-method status="PASS" signature="beforeClass()[pri:0, instance:tests.PM_PersonalNumber_Tests@617faa95]" name="beforeClass" is-config="true" duration-ms="4071" started-at="2019-09-16T06:09:44Z" finished-at="2019-09-16T06:09:48Z">
          <reporter-output>
          </reporter-output>
        </test-method> <!-- beforeClass -->
        <test-method status="PASS" signature="beforeMethod()[pri:0, instance:tests.PM_PersonalNumber_Tests@617faa95]" name="beforeMethod" is-config="true" duration-ms="1331" started-at="2019-09-16T06:09:48Z" finished-at="2019-09-16T06:09:49Z">
          <reporter-output>
          </reporter-output>
        </test-method> <!-- beforeMethod -->
        <test-method status="PASS" signature="create_PN_Analog_Extension(java.lang.reflect.Method)[pri:0, instance:tests.PM_PersonalNumber_Tests@617faa95]" name="create_PN_Analog_Extension" duration-ms="219377" started-at="2019-09-16T06:09:49Z" finished-at="2019-09-16T06:13:29Z">
          <params>
            <param index="0">
              <value>
                <![CDATA[public void tests.PM_PersonalNumber_Tests.create_PN_Analog_Extension(java.lang.reflect.Method) throws java.lang.InterruptedException]]>
              </value>
            </param>
          </params>
          <reporter-output>
          </reporter-output>
        </test-method> <!-- create_PN_Analog_Extension -->
        <test-method status="PASS" signature="afterMethod(org.testng.ITestResult)[pri:0, instance:tests.PM_PersonalNumber_Tests@617faa95]" name="afterMethod" is-config="true" duration-ms="0" started-at="2019-09-16T06:13:29Z" finished-at="2019-09-16T06:13:29Z">
          <params>
            <param index="0">
              <value>
                <![CDATA[[TestResult name=create_PN_Analog_Extension status=SUCCESS method=PM_PersonalNumber_Tests.create_PN_Analog_Extension(java.lang.reflect.Method)[pri:0, instance:tests.PM_PersonalNumber_Tests@617faa95] output={null}]]]>
              </value>
            </param>
          </params>
          <reporter-output>
          </reporter-output>
        </test-method> <!-- afterMethod -->
        <test-method status="PASS" signature="afterClass()[pri:0, instance:tests.PM_PersonalNumber_Tests@617faa95]" name="afterClass" is-config="true" duration-ms="246" started-at="2019-09-16T06:13:29Z" finished-at="2019-09-16T06:13:29Z">
          <reporter-output>
          </reporter-output>
        </test-method> <!-- afterClass -->
        <test-method status="PASS" signature="afterSuite()[pri:0, instance:tests.PM_PersonalNumber_Tests@617faa95]" name="afterSuite" is-config="true" duration-ms="0" started-at="2019-09-16T06:13:29Z" finished-at="2019-09-16T06:13:29Z">
          <reporter-output>
          </reporter-output>
        </test-method> <!-- afterSuite -->
      </class> <!-- tests.PM_PersonalNumber_Tests -->
    </test> <!-- Default test -->
  </suite> <!-- Default suite -->
</testng-results>
