<?xml version="1.0" encoding="UTF-8"?>
<testng-results skipped="0" failed="0" ignored="0" total="1" passed="1">
  <reporter-output>
  </reporter-output>
  <suite name="Default suite" duration-ms="57075" started-at="2019-09-09T17:03:59Z" finished-at="2019-09-09T17:04:56Z">
    <groups>
    </groups>
    <test name="Default test" duration-ms="57075" started-at="2019-09-09T17:03:59Z" finished-at="2019-09-09T17:04:56Z">
      <class name="tests.PM_MultiTerminal_Test">
        <test-method status="PASS" signature="beforeSuite()[pri:0, instance:tests.PM_MultiTerminal_Test@6e1ec318]" name="beforeSuite" is-config="true" duration-ms="1804" started-at="2019-09-09T17:03:57Z" finished-at="2019-09-09T17:03:59Z">
          <reporter-output>
          </reporter-output>
        </test-method> <!-- beforeSuite -->
        <test-method status="PASS" signature="beforeClass()[pri:0, instance:tests.PM_MultiTerminal_Test@6e1ec318]" name="beforeClass" is-config="true" duration-ms="10992" started-at="2019-09-09T17:03:59Z" finished-at="2019-09-09T17:04:10Z">
          <reporter-output>
          </reporter-output>
        </test-method> <!-- beforeClass -->
        <test-method status="PASS" signature="beforeMethod()[pri:0, instance:tests.PM_MultiTerminal_Test@6e1ec318]" name="beforeMethod" is-config="true" duration-ms="27" started-at="2019-09-09T17:04:10Z" finished-at="2019-09-09T17:04:10Z">
          <reporter-output>
          </reporter-output>
        </test-method> <!-- beforeMethod -->
        <test-method status="PASS" signature="test_create_multi_terminal_With_MobileExtension(java.lang.reflect.Method)[pri:0, instance:tests.PM_MultiTerminal_Test@6e1ec318]" name="test_create_multi_terminal_With_MobileExtension" duration-ms="43895" started-at="2019-09-09T17:04:10Z" finished-at="2019-09-09T17:04:54Z">
          <params>
            <param index="0">
              <value>
                <![CDATA[public void tests.PM_MultiTerminal_Test.test_create_multi_terminal_With_MobileExtension(java.lang.reflect.Method) throws java.lang.InterruptedException]]>
              </value>
            </param>
          </params>
          <reporter-output>
          </reporter-output>
        </test-method> <!-- test_create_multi_terminal_With_MobileExtension -->
        <test-method status="PASS" signature="afterMethod(org.testng.ITestResult)[pri:0, instance:tests.PM_MultiTerminal_Test@6e1ec318]" name="afterMethod" is-config="true" duration-ms="2" started-at="2019-09-09T17:04:54Z" finished-at="2019-09-09T17:04:54Z">
          <params>
            <param index="0">
              <value>
                <![CDATA[[TestResult name=test_create_multi_terminal_With_MobileExtension status=SUCCESS method=PM_MultiTerminal_Test.test_create_multi_terminal_With_MobileExtension(java.lang.reflect.Method)[pri:0, instance:tests.PM_MultiTerminal_Test@6e1ec318] output={null}]]]>
              </value>
            </param>
          </params>
          <reporter-output>
          </reporter-output>
        </test-method> <!-- afterMethod -->
        <test-method status="PASS" signature="afterClass()[pri:0, instance:tests.PM_MultiTerminal_Test@6e1ec318]" name="afterClass" is-config="true" duration-ms="2105" started-at="2019-09-09T17:04:54Z" finished-at="2019-09-09T17:04:56Z">
          <reporter-output>
          </reporter-output>
        </test-method> <!-- afterClass -->
        <test-method status="PASS" signature="afterSuite()[pri:0, instance:tests.PM_MultiTerminal_Test@6e1ec318]" name="afterSuite" is-config="true" duration-ms="0" started-at="2019-09-09T17:04:56Z" finished-at="2019-09-09T17:04:56Z">
          <reporter-output>
          </reporter-output>
        </test-method> <!-- afterSuite -->
      </class> <!-- tests.PM_MultiTerminal_Test -->
    </test> <!-- Default test -->
  </suite> <!-- Default suite -->
</testng-results>
