<?xml version="1.0" encoding="UTF-8"?>
<testng-results skipped="0" failed="0" total="1" passed="1">
  <reporter-output>
  </reporter-output>
  <suite name="Default suite" duration-ms="22175" started-at="2020-02-13T08:40:48Z" finished-at="2020-02-13T08:41:10Z">
    <groups>
    </groups>
    <test name="Default test" duration-ms="22175" started-at="2020-02-13T08:40:48Z" finished-at="2020-02-13T08:41:10Z">
      <class name="tests.PM_User_Test">
        <test-method status="PASS" signature="beforeSuite()[pri:0, instance:tests.PM_User_Test@7085bdee]" name="beforeSuite" is-config="true" duration-ms="1297" started-at="2020-02-13T14:10:46Z" finished-at="2020-02-13T14:10:48Z">
          <reporter-output>
          </reporter-output>
        </test-method> <!-- beforeSuite -->
        <test-method status="PASS" signature="beforeClass()[pri:0, instance:tests.PM_User_Test@7085bdee]" name="beforeClass" is-config="true" duration-ms="0" started-at="2020-02-13T14:10:48Z" finished-at="2020-02-13T14:10:48Z">
          <reporter-output>
          </reporter-output>
        </test-method> <!-- beforeClass -->
        <test-method status="PASS" signature="beforeMethod(org.testng.ITestContext)[pri:0, instance:tests.PM_User_Test@7085bdee]" name="beforeMethod" is-config="true" duration-ms="4821" started-at="2020-02-13T14:10:48Z" finished-at="2020-02-13T14:10:52Z">
          <params>
            <param index="0">
              <value>
                <![CDATA[org.testng.TestRunner@7674a051]]>
              </value>
            </param>
          </params>
          <reporter-output>
          </reporter-output>
        </test-method> <!-- beforeMethod -->
        <test-method status="PASS" signature="test_create_user(java.lang.reflect.Method)[pri:0, instance:tests.PM_User_Test@7085bdee]" name="test_create_user" duration-ms="16032" started-at="2020-02-13T14:10:52Z" finished-at="2020-02-13T14:11:08Z">
          <params>
            <param index="0">
              <value>
                <![CDATA[public void tests.PM_User_Test.test_create_user(java.lang.reflect.Method) throws java.lang.Exception]]>
              </value>
            </param>
          </params>
          <reporter-output>
          </reporter-output>
        </test-method> <!-- test_create_user -->
        <test-method status="PASS" signature="afterMethod(org.testng.ITestResult)[pri:0, instance:tests.PM_User_Test@7085bdee]" name="afterMethod" is-config="true" duration-ms="1289" started-at="2020-02-13T14:11:08Z" finished-at="2020-02-13T14:11:10Z">
          <params>
            <param index="0">
              <value>
                <![CDATA[[TestResult name=test_create_user status=SUCCESS method=PM_User_Test.test_create_user(java.lang.reflect.Method)[pri:0, instance:tests.PM_User_Test@7085bdee] output={null}]]]>
              </value>
            </param>
          </params>
          <reporter-output>
          </reporter-output>
        </test-method> <!-- afterMethod -->
        <test-method status="PASS" signature="afterClass()[pri:0, instance:tests.PM_User_Test@7085bdee]" name="afterClass" is-config="true" duration-ms="0" started-at="2020-02-13T14:11:10Z" finished-at="2020-02-13T14:11:10Z">
          <reporter-output>
          </reporter-output>
        </test-method> <!-- afterClass -->
        <test-method status="PASS" signature="afterSuite()[pri:0, instance:tests.PM_User_Test@7085bdee]" name="afterSuite" is-config="true" duration-ms="0" started-at="2020-02-13T14:11:10Z" finished-at="2020-02-13T14:11:10Z">
          <reporter-output>
          </reporter-output>
        </test-method> <!-- afterSuite -->
      </class> <!-- tests.PM_User_Test -->
    </test> <!-- Default test -->
  </suite> <!-- Default suite -->
</testng-results>
