<?xml version="1.0" encoding="UTF-8"?>
<testng-results skipped="0" failed="0" ignored="0" total="1" passed="1">
  <reporter-output>
  </reporter-output>
  <suite name="Suite" duration-ms="84119" started-at="2019-08-28T12:01:04Z" finished-at="2019-08-28T12:02:28Z">
    <groups>
    </groups>
    <test name="Test" duration-ms="84119" started-at="2019-08-28T12:01:04Z" finished-at="2019-08-28T12:02:28Z">
      <class name="tests.PM_FunctionKeys_Test">
        <test-method status="PASS" signature="beforeSuite()[pri:0, instance:tests.PM_FunctionKeys_Test@6e1ec318]" name="beforeSuite" is-config="true" duration-ms="1653" started-at="2019-08-28T12:01:02Z" finished-at="2019-08-28T12:01:04Z">
          <reporter-output>
          </reporter-output>
        </test-method> <!-- beforeSuite -->
        <test-method status="PASS" signature="beforeClass()[pri:0, instance:tests.PM_FunctionKeys_Test@6e1ec318]" name="beforeClass" is-config="true" duration-ms="8302" started-at="2019-08-28T12:01:04Z" finished-at="2019-08-28T12:01:12Z">
          <reporter-output>
          </reporter-output>
        </test-method> <!-- beforeClass -->
        <test-method status="PASS" signature="beforeMethod()[pri:0, instance:tests.PM_FunctionKeys_Test@6e1ec318]" name="beforeMethod" is-config="true" duration-ms="36" started-at="2019-08-28T12:01:12Z" finished-at="2019-08-28T12:01:12Z">
          <reporter-output>
          </reporter-output>
        </test-method> <!-- beforeMethod -->
        <test-method status="PASS" signature="test_clearEDN_funcKey(java.lang.reflect.Method)[pri:0, instance:tests.PM_FunctionKeys_Test@6e1ec318]" name="test_clearEDN_funcKey" duration-ms="74025" started-at="2019-08-28T12:01:12Z" finished-at="2019-08-28T12:02:27Z">
          <params>
            <param index="0">
              <value>
                <![CDATA[public void tests.PM_FunctionKeys_Test.test_clearEDN_funcKey(java.lang.reflect.Method) throws java.lang.InterruptedException]]>
              </value>
            </param>
          </params>
          <reporter-output>
          </reporter-output>
        </test-method> <!-- test_clearEDN_funcKey -->
        <test-method status="PASS" signature="afterMethod(org.testng.ITestResult)[pri:0, instance:tests.PM_FunctionKeys_Test@6e1ec318]" name="afterMethod" is-config="true" duration-ms="0" started-at="2019-08-28T12:02:27Z" finished-at="2019-08-28T12:02:27Z">
          <params>
            <param index="0">
              <value>
                <![CDATA[[TestResult name=test_clearEDN_funcKey status=SUCCESS method=PM_FunctionKeys_Test.test_clearEDN_funcKey(java.lang.reflect.Method)[pri:0, instance:tests.PM_FunctionKeys_Test@6e1ec318] output={null}]]]>
              </value>
            </param>
          </params>
          <reporter-output>
          </reporter-output>
        </test-method> <!-- afterMethod -->
        <test-method status="PASS" signature="afterClass()[pri:0, instance:tests.PM_FunctionKeys_Test@6e1ec318]" name="afterClass" is-config="true" duration-ms="1698" started-at="2019-08-28T12:02:27Z" finished-at="2019-08-28T12:02:28Z">
          <reporter-output>
          </reporter-output>
        </test-method> <!-- afterClass -->
        <test-method status="PASS" signature="afterSuite()[pri:0, instance:tests.PM_FunctionKeys_Test@6e1ec318]" name="afterSuite" is-config="true" duration-ms="1" started-at="2019-08-28T12:02:28Z" finished-at="2019-08-28T12:02:28Z">
          <reporter-output>
          </reporter-output>
        </test-method> <!-- afterSuite -->
      </class> <!-- tests.PM_FunctionKeys_Test -->
    </test> <!-- Test -->
  </suite> <!-- Suite -->
</testng-results>
