<?xml version="1.0" encoding="UTF-8"?>
<testng-results skipped="0" failed="2" ignored="0" total="2" passed="0">
  <reporter-output>
  </reporter-output>
  <suite name="Suite" duration-ms="52076" started-at="2019-09-25T04:25:01Z" finished-at="2019-09-25T04:25:54Z">
    <groups>
    </groups>
    <test name="FirefoxTest" duration-ms="48109" started-at="2019-09-25T04:25:01Z" finished-at="2019-09-25T04:25:50Z">
      <class name="tests.PM_User_Test">
        <test-method status="PASS" signature="beforeClass(java.lang.String)[pri:0, instance:tests.PM_User_Test@3c0f93f1]" name="beforeClass" is-config="true" duration-ms="16497" started-at="2019-09-25T04:25:01Z" finished-at="2019-09-25T04:25:18Z">
          <params>
            <param index="0">
              <value>
                <![CDATA[firefox]]>
              </value>
            </param>
          </params>
          <reporter-output>
          </reporter-output>
        </test-method> <!-- beforeClass -->
        <test-method status="PASS" signature="beforeMethod()[pri:0, instance:tests.PM_User_Test@3c0f93f1]" name="beforeMethod" is-config="true" duration-ms="341" started-at="2019-09-25T04:25:18Z" finished-at="2019-09-25T04:25:18Z">
          <reporter-output>
          </reporter-output>
        </test-method> <!-- beforeMethod -->
        <test-method status="FAIL" signature="test_create_user(java.lang.reflect.Method)[pri:0, instance:tests.PM_User_Test@3c0f93f1]" name="test_create_user" duration-ms="6101" started-at="2019-09-25T04:25:18Z" finished-at="2019-09-25T04:25:24Z">
          <params>
            <param index="0">
              <value>
                <![CDATA[public void tests.PM_User_Test.test_create_user(java.lang.reflect.Method) throws java.lang.InterruptedException]]>
              </value>
            </param>
          </params>
          <exception class="org.openqa.selenium.WebDriverException">
            <message>
              <![CDATA[
Build info: version: '3.141.59', revision: 'e82be7d358', time: '2018-11-14T08:17:03'
System info: host: 'IN-7SMH5H2', ip: '172.25.109.193', os.name: 'Windows 10', os.arch: 'amd64', os.version: '10.0', java.version: '1.8.0_181'
Driver info: org.openqa.selenium.firefox.FirefoxDriver
Capabilities {acceptInsecureCerts: false, browserName: firefox, browserVersion: 69.0.1, javascriptEnabled: true, moz:accessibilityChecks: false, moz:buildID: 20190917135527, moz:geckodriverVersion: 0.25.0, moz:headless: false, moz:processID: 250036, moz:profile: C:\Users\mallikar\AppData\L..., moz:shutdownTimeout: 60000, moz:useNonSpecCompliantPointerOrigin: false, moz:webdriverClick: true, pageLoadStrategy: normal, platform: WINDOWS, platformName: WINDOWS, platformVersion: 10.0, rotatable: false, setWindowRect: true, strictFileInteractability: false, timeouts: {implicit: 0, pageLoad: 300000, script: 30000}, unhandledPromptBehavior: accept}
Session ID: f368ce59-ca0a-4dea-8eab-de42119caee6]]>
            </message>
            <full-stacktrace>
              <![CDATA[org.openqa.selenium.WebDriverException: 
Build info: version: '3.141.59', revision: 'e82be7d358', time: '2018-11-14T08:17:03'
System info: host: 'IN-7SMH5H2', ip: '172.25.109.193', os.name: 'Windows 10', os.arch: 'amd64', os.version: '10.0', java.version: '1.8.0_181'
Driver info: org.openqa.selenium.firefox.FirefoxDriver
Capabilities {acceptInsecureCerts: false, browserName: firefox, browserVersion: 69.0.1, javascriptEnabled: true, moz:accessibilityChecks: false, moz:buildID: 20190917135527, moz:geckodriverVersion: 0.25.0, moz:headless: false, moz:processID: 250036, moz:profile: C:\Users\mallikar\AppData\L..., moz:shutdownTimeout: 60000, moz:useNonSpecCompliantPointerOrigin: false, moz:webdriverClick: true, pageLoadStrategy: normal, platform: WINDOWS, platformName: WINDOWS, platformVersion: 10.0, rotatable: false, setWindowRect: true, strictFileInteractability: false, timeouts: {implicit: 0, pageLoad: 300000, script: 30000}, unhandledPromptBehavior: accept}
Session ID: f368ce59-ca0a-4dea-8eab-de42119caee6
at sun.reflect.NativeConstructorAccessorImpl.newInstance0(Native Method)
at sun.reflect.NativeConstructorAccessorImpl.newInstance(NativeConstructorAccessorImpl.java:62)
at sun.reflect.DelegatingConstructorAccessorImpl.newInstance(DelegatingConstructorAccessorImpl.java:45)
at java.lang.reflect.Constructor.newInstance(Constructor.java:423)
at org.openqa.selenium.remote.http.W3CHttpResponseCodec.createException(W3CHttpResponseCodec.java:187)
at org.openqa.selenium.remote.http.W3CHttpResponseCodec.decode(W3CHttpResponseCodec.java:122)
at org.openqa.selenium.remote.http.W3CHttpResponseCodec.decode(W3CHttpResponseCodec.java:49)
at org.openqa.selenium.remote.HttpCommandExecutor.execute(HttpCommandExecutor.java:158)
at org.openqa.selenium.remote.service.DriverCommandExecutor.execute(DriverCommandExecutor.java:83)
at org.openqa.selenium.remote.RemoteWebDriver.execute(RemoteWebDriver.java:552)
at org.openqa.selenium.remote.RemoteWebDriver.get(RemoteWebDriver.java:277)
at utilities.ReusableUnits.createUser(ReusableUnits.java:75)
at tests.PM_User_Test.test_create_user(PM_User_Test.java:47)
at sun.reflect.NativeMethodAccessorImpl.invoke0(Native Method)
at sun.reflect.NativeMethodAccessorImpl.invoke(NativeMethodAccessorImpl.java:62)
at sun.reflect.DelegatingMethodAccessorImpl.invoke(DelegatingMethodAccessorImpl.java:43)
at java.lang.reflect.Method.invoke(Method.java:498)
at org.testng.internal.MethodInvocationHelper.invokeMethod(MethodInvocationHelper.java:124)
at org.testng.internal.Invoker.invokeMethod(Invoker.java:583)
at org.testng.internal.Invoker.invokeTestMethod(Invoker.java:719)
at org.testng.internal.Invoker.invokeTestMethods(Invoker.java:989)
at org.testng.internal.TestMethodWorker.invokeTestMethods(TestMethodWorker.java:125)
at org.testng.internal.TestMethodWorker.run(TestMethodWorker.java:109)
at org.testng.TestRunner.privateRun(TestRunner.java:648)
at org.testng.TestRunner.run(TestRunner.java:505)
at org.testng.SuiteRunner.runTest(SuiteRunner.java:455)
at org.testng.SuiteRunner.access$000(SuiteRunner.java:40)
at org.testng.SuiteRunner$SuiteWorker.run(SuiteRunner.java:489)
at org.testng.internal.thread.ThreadUtil$1.call(ThreadUtil.java:52)
at java.util.concurrent.FutureTask.run(FutureTask.java:266)
at java.util.concurrent.ThreadPoolExecutor.runWorker(ThreadPoolExecutor.java:1149)
at java.util.concurrent.ThreadPoolExecutor$Worker.run(ThreadPoolExecutor.java:624)
at java.lang.Thread.run(Thread.java:748)
]]>
            </full-stacktrace>
          </exception> <!-- org.openqa.selenium.WebDriverException -->
          <reporter-output>
          </reporter-output>
        </test-method> <!-- test_create_user -->
        <test-method status="PASS" signature="afterMethod(org.testng.ITestResult)[pri:0, instance:tests.PM_User_Test@3c0f93f1]" name="afterMethod" is-config="true" duration-ms="352" started-at="2019-09-25T04:25:24Z" finished-at="2019-09-25T04:25:25Z">
          <params>
            <param index="0">
              <value>
                <![CDATA[[TestResult name=test_create_user status=FAILURE method=PM_User_Test.test_create_user(java.lang.reflect.Method)[pri:0, instance:tests.PM_User_Test@3c0f93f1] output={null}]]]>
              </value>
            </param>
          </params>
          <reporter-output>
          </reporter-output>
        </test-method> <!-- afterMethod -->
        <test-method status="PASS" signature="afterClass()[pri:0, instance:tests.PM_User_Test@3c0f93f1]" name="afterClass" is-config="true" duration-ms="24778" started-at="2019-09-25T04:25:25Z" finished-at="2019-09-25T04:25:50Z">
          <reporter-output>
          </reporter-output>
        </test-method> <!-- afterClass -->
      </class> <!-- tests.PM_User_Test -->
    </test> <!-- FirefoxTest -->
    <test name="ChromeTest" duration-ms="52076" started-at="2019-09-25T04:25:01Z" finished-at="2019-09-25T04:25:54Z">
      <class name="tests.PM_User_Test">
        <test-method status="PASS" signature="beforeSuite()[pri:0, instance:tests.PM_User_Test@210366b4]" name="beforeSuite" is-config="true" duration-ms="2579" started-at="2019-09-25T04:24:59Z" finished-at="2019-09-25T04:25:01Z">
          <reporter-output>
          </reporter-output>
        </test-method> <!-- beforeSuite -->
        <test-method status="PASS" signature="beforeClass(java.lang.String)[pri:0, instance:tests.PM_User_Test@210366b4]" name="beforeClass" is-config="true" duration-ms="5837" started-at="2019-09-25T04:25:02Z" finished-at="2019-09-25T04:25:07Z">
          <params>
            <param index="0">
              <value>
                <![CDATA[chrome]]>
              </value>
            </param>
          </params>
          <reporter-output>
          </reporter-output>
        </test-method> <!-- beforeClass -->
        <test-method status="PASS" signature="beforeMethod()[pri:0, instance:tests.PM_User_Test@210366b4]" name="beforeMethod" is-config="true" duration-ms="1534" started-at="2019-09-25T04:25:07Z" finished-at="2019-09-25T04:25:09Z">
          <reporter-output>
          </reporter-output>
        </test-method> <!-- beforeMethod -->
        <test-method status="FAIL" signature="test_create_user(java.lang.reflect.Method)[pri:0, instance:tests.PM_User_Test@210366b4]" name="test_create_user" duration-ms="27018" started-at="2019-09-25T04:25:09Z" finished-at="2019-09-25T04:25:36Z">
          <params>
            <param index="0">
              <value>
                <![CDATA[public void tests.PM_User_Test.test_create_user(java.lang.reflect.Method) throws java.lang.InterruptedException]]>
              </value>
            </param>
          </params>
          <exception class="org.openqa.selenium.UnhandledAlertException">
            <message>
              <![CDATA[unexpected alert open: {Alert text : Department(s) is required.}
  (Session info: chrome=77.0.3865.90): Department(s) is required.
Build info: version: '3.141.59', revision: 'e82be7d358', time: '2018-11-14T08:17:03'
System info: host: 'IN-7SMH5H2', ip: '172.25.109.193', os.name: 'Windows 10', os.arch: 'amd64', os.version: '10.0', java.version: '1.8.0_181'
Driver info: org.openqa.selenium.chrome.ChromeDriver
Capabilities {acceptInsecureCerts: false, browserName: chrome, browserVersion: 77.0.3865.90, chrome: {chromedriverVersion: 77.0.3865.40 (f484704e052e0..., userDataDir: C:\Users\mallikar\AppData\L...}, goog:chromeOptions: {debuggerAddress: localhost:6060}, javascriptEnabled: true, networkConnectionEnabled: false, pageLoadStrategy: normal, platform: XP, platformName: XP, proxy: Proxy(), setWindowRect: true, strictFileInteractability: false, timeouts: {implicit: 0, pageLoad: 300000, script: 30000}, unhandledPromptBehavior: dismiss and notify}
Session ID: e9d1cf38066f3275ef7b1881945923ba
*** Element info: {Using=id, value=mySelectedUDFList[1]}]]>
            </message>
            <full-stacktrace>
              <![CDATA[org.openqa.selenium.UnhandledAlertException: unexpected alert open: {Alert text : Department(s) is required.}
  (Session info: chrome=77.0.3865.90): Department(s) is required.
Build info: version: '3.141.59', revision: 'e82be7d358', time: '2018-11-14T08:17:03'
System info: host: 'IN-7SMH5H2', ip: '172.25.109.193', os.name: 'Windows 10', os.arch: 'amd64', os.version: '10.0', java.version: '1.8.0_181'
Driver info: org.openqa.selenium.chrome.ChromeDriver
Capabilities {acceptInsecureCerts: false, browserName: chrome, browserVersion: 77.0.3865.90, chrome: {chromedriverVersion: 77.0.3865.40 (f484704e052e0..., userDataDir: C:\Users\mallikar\AppData\L...}, goog:chromeOptions: {debuggerAddress: localhost:6060}, javascriptEnabled: true, networkConnectionEnabled: false, pageLoadStrategy: normal, platform: XP, platformName: XP, proxy: Proxy(), setWindowRect: true, strictFileInteractability: false, timeouts: {implicit: 0, pageLoad: 300000, script: 30000}, unhandledPromptBehavior: dismiss and notify}
Session ID: e9d1cf38066f3275ef7b1881945923ba
*** Element info: {Using=id, value=mySelectedUDFList[1]}
at org.openqa.selenium.remote.http.W3CHttpResponseCodec.decode(W3CHttpResponseCodec.java:120)
at org.openqa.selenium.remote.http.W3CHttpResponseCodec.decode(W3CHttpResponseCodec.java:49)
at org.openqa.selenium.remote.HttpCommandExecutor.execute(HttpCommandExecutor.java:158)
at org.openqa.selenium.remote.service.DriverCommandExecutor.execute(DriverCommandExecutor.java:83)
at org.openqa.selenium.remote.RemoteWebDriver.execute(RemoteWebDriver.java:552)
at org.openqa.selenium.remote.RemoteWebDriver.findElement(RemoteWebDriver.java:323)
at org.openqa.selenium.remote.RemoteWebDriver.findElementById(RemoteWebDriver.java:372)
at org.openqa.selenium.By$ById.findElement(By.java:188)
at org.openqa.selenium.remote.RemoteWebDriver.findElement(RemoteWebDriver.java:315)
at org.openqa.selenium.support.pagefactory.DefaultElementLocator.findElement(DefaultElementLocator.java:69)
at org.openqa.selenium.support.pagefactory.internal.LocatingElementHandler.invoke(LocatingElementHandler.java:38)
at com.sun.proxy.$Proxy14.sendKeys(Unknown Source)
at pm_pom_classes.PM_User.setBusiness2(PM_User.java:306)
at utilities.ReusableUnits.createUser(ReusableUnits.java:93)
at tests.PM_User_Test.test_create_user(PM_User_Test.java:47)
at sun.reflect.NativeMethodAccessorImpl.invoke0(Native Method)
at sun.reflect.NativeMethodAccessorImpl.invoke(NativeMethodAccessorImpl.java:62)
at sun.reflect.DelegatingMethodAccessorImpl.invoke(DelegatingMethodAccessorImpl.java:43)
at java.lang.reflect.Method.invoke(Method.java:498)
at org.testng.internal.MethodInvocationHelper.invokeMethod(MethodInvocationHelper.java:124)
at org.testng.internal.Invoker.invokeMethod(Invoker.java:583)
at org.testng.internal.Invoker.invokeTestMethod(Invoker.java:719)
at org.testng.internal.Invoker.invokeTestMethods(Invoker.java:989)
at org.testng.internal.TestMethodWorker.invokeTestMethods(TestMethodWorker.java:125)
at org.testng.internal.TestMethodWorker.run(TestMethodWorker.java:109)
at org.testng.TestRunner.privateRun(TestRunner.java:648)
at org.testng.TestRunner.run(TestRunner.java:505)
at org.testng.SuiteRunner.runTest(SuiteRunner.java:455)
at org.testng.SuiteRunner.access$000(SuiteRunner.java:40)
at org.testng.SuiteRunner$SuiteWorker.run(SuiteRunner.java:489)
at org.testng.internal.thread.ThreadUtil$1.call(ThreadUtil.java:52)
at java.util.concurrent.FutureTask.run(FutureTask.java:266)
at java.util.concurrent.ThreadPoolExecutor.runWorker(ThreadPoolExecutor.java:1149)
at java.util.concurrent.ThreadPoolExecutor$Worker.run(ThreadPoolExecutor.java:624)
at java.lang.Thread.run(Thread.java:748)
]]>
            </full-stacktrace>
          </exception> <!-- org.openqa.selenium.UnhandledAlertException -->
          <reporter-output>
          </reporter-output>
        </test-method> <!-- test_create_user -->
        <test-method status="PASS" signature="afterMethod(org.testng.ITestResult)[pri:0, instance:tests.PM_User_Test@210366b4]" name="afterMethod" is-config="true" duration-ms="16476" started-at="2019-09-25T04:25:36Z" finished-at="2019-09-25T04:25:52Z">
          <params>
            <param index="0">
              <value>
                <![CDATA[[TestResult name=test_create_user status=FAILURE method=PM_User_Test.test_create_user(java.lang.reflect.Method)[pri:0, instance:tests.PM_User_Test@210366b4] output={null}]]]>
              </value>
            </param>
          </params>
          <reporter-output>
          </reporter-output>
        </test-method> <!-- afterMethod -->
        <test-method status="PASS" signature="afterClass()[pri:0, instance:tests.PM_User_Test@210366b4]" name="afterClass" is-config="true" duration-ms="1151" started-at="2019-09-25T04:25:52Z" finished-at="2019-09-25T04:25:54Z">
          <reporter-output>
          </reporter-output>
        </test-method> <!-- afterClass -->
        <test-method status="PASS" signature="afterSuite()[pri:0, instance:tests.PM_User_Test@210366b4]" name="afterSuite" is-config="true" duration-ms="1" started-at="2019-09-25T04:25:54Z" finished-at="2019-09-25T04:25:54Z">
          <reporter-output>
          </reporter-output>
        </test-method> <!-- afterSuite -->
      </class> <!-- tests.PM_User_Test -->
    </test> <!-- ChromeTest -->
  </suite> <!-- Suite -->
</testng-results>
