<?xml version="1.0" encoding="UTF-8"?>
<testng-results skipped="0" failed="2" ignored="0" total="3" passed="1">
  <reporter-output>
  </reporter-output>
  <suite name="Default suite" duration-ms="438588" started-at="2019-10-16T12:40:55Z" finished-at="2019-10-16T12:48:13Z">
    <groups>
    </groups>
    <test name="Default test" duration-ms="438588" started-at="2019-10-16T12:40:55Z" finished-at="2019-10-16T12:48:13Z">
      <class name="tests.PM_Micollab_Test">
        <test-method status="PASS" signature="beforeSuite()[pri:0, instance:tests.PM_Micollab_Test@59494225]" name="beforeSuite" is-config="true" duration-ms="1279" started-at="2019-10-16T12:40:53Z" finished-at="2019-10-16T12:40:55Z">
          <reporter-output>
          </reporter-output>
        </test-method> <!-- beforeSuite -->
        <test-method status="PASS" signature="beforeClass()[pri:0, instance:tests.PM_Micollab_Test@59494225]" name="beforeClass" is-config="true" duration-ms="9" started-at="2019-10-16T12:40:55Z" finished-at="2019-10-16T12:40:55Z">
          <reporter-output>
          </reporter-output>
        </test-method> <!-- beforeClass -->
        <test-method status="PASS" signature="beforeMethod()[pri:0, instance:tests.PM_Micollab_Test@59494225]" name="beforeMethod" is-config="true" duration-ms="5896" started-at="2019-10-16T12:40:55Z" finished-at="2019-10-16T12:41:01Z">
          <reporter-output>
          </reporter-output>
        </test-method> <!-- beforeMethod -->
        <test-method status="FAIL" signature="test_edit_micollab_Role_from_entry_to_basic(java.lang.reflect.Method)[pri:0, instance:tests.PM_Micollab_Test@59494225]" name="test_edit_micollab_Role_from_entry_to_basic" duration-ms="73862" started-at="2019-10-16T12:41:01Z" finished-at="2019-10-16T12:42:15Z">
          <params>
            <param index="0">
              <value>
                <![CDATA[public void tests.PM_Micollab_Test.test_edit_micollab_Role_from_entry_to_basic(java.lang.reflect.Method) throws java.lang.Exception]]>
              </value>
            </param>
          </params>
          <exception class="java.lang.AssertionError">
            <message>
              <![CDATA[expected [Add operation successful for:] but found [Add operation failed for:]]]>
            </message>
            <full-stacktrace>
              <![CDATA[java.lang.AssertionError: expected [Add operation successful for:] but found [Add operation failed for:]
at org.testng.Assert.fail(Assert.java:96)
at org.testng.Assert.failNotEquals(Assert.java:776)
at org.testng.Assert.assertEqualsImpl(Assert.java:137)
at org.testng.Assert.assertEquals(Assert.java:118)
at org.testng.Assert.assertEquals(Assert.java:453)
at org.testng.Assert.assertEquals(Assert.java:463)
at tests.PM_Micollab_Test.test_edit_micollab_Role_from_entry_to_basic(PM_Micollab_Test.java:3218)
at sun.reflect.NativeMethodAccessorImpl.invoke0(Native Method)
at sun.reflect.NativeMethodAccessorImpl.invoke(NativeMethodAccessorImpl.java:62)
at sun.reflect.DelegatingMethodAccessorImpl.invoke(DelegatingMethodAccessorImpl.java:43)
at java.lang.reflect.Method.invoke(Method.java:498)
at org.testng.internal.MethodInvocationHelper.invokeMethod(MethodInvocationHelper.java:124)
at org.testng.internal.Invoker.invokeMethod(Invoker.java:583)
at org.testng.internal.Invoker.invokeTestMethod(Invoker.java:719)
at org.testng.internal.Invoker.invokeTestMethods(Invoker.java:989)
at org.testng.internal.TestMethodWorker.invokeTestMethods(TestMethodWorker.java:125)
at org.testng.internal.TestMethodWorker.run(TestMethodWorker.java:109)
at org.testng.TestRunner.privateRun(TestRunner.java:648)
at org.testng.TestRunner.run(TestRunner.java:505)
at org.testng.SuiteRunner.runTest(SuiteRunner.java:455)
at org.testng.SuiteRunner.runSequentially(SuiteRunner.java:450)
at org.testng.SuiteRunner.privateRun(SuiteRunner.java:415)
at org.testng.SuiteRunner.run(SuiteRunner.java:364)
at org.testng.SuiteRunnerWorker.runSuite(SuiteRunnerWorker.java:52)
at org.testng.SuiteRunnerWorker.run(SuiteRunnerWorker.java:84)
at org.testng.TestNG.runSuitesSequentially(TestNG.java:1208)
at org.testng.TestNG.runSuitesLocally(TestNG.java:1137)
at org.testng.TestNG.runSuites(TestNG.java:1049)
at org.testng.TestNG.run(TestNG.java:1017)
at org.testng.remote.AbstractRemoteTestNG.run(AbstractRemoteTestNG.java:114)
at org.testng.remote.RemoteTestNG.initAndRun(RemoteTestNG.java:251)
at org.testng.remote.RemoteTestNG.main(RemoteTestNG.java:77)
]]>
            </full-stacktrace>
          </exception> <!-- java.lang.AssertionError -->
          <reporter-output>
          </reporter-output>
        </test-method> <!-- test_edit_micollab_Role_from_entry_to_basic -->
        <test-method status="PASS" signature="afterMethod(org.testng.ITestResult)[pri:0, instance:tests.PM_Micollab_Test@59494225]" name="afterMethod" is-config="true" duration-ms="587" started-at="2019-10-16T12:42:15Z" finished-at="2019-10-16T12:42:15Z">
          <params>
            <param index="0">
              <value>
                <![CDATA[[TestResult name=test_edit_micollab_Role_from_entry_to_basic status=FAILURE method=PM_Micollab_Test.test_edit_micollab_Role_from_entry_to_basic(java.lang.reflect.Method)[pri:0, instance:tests.PM_Micollab_Test@59494225] output={null}]]]>
              </value>
            </param>
          </params>
          <reporter-output>
          </reporter-output>
        </test-method> <!-- afterMethod -->
        <test-method status="PASS" signature="beforeMethod()[pri:0, instance:tests.PM_Micollab_Test@59494225]" name="beforeMethod" is-config="true" duration-ms="4730" started-at="2019-10-16T12:42:15Z" finished-at="2019-10-16T12:42:20Z">
          <reporter-output>
          </reporter-output>
        </test-method> <!-- beforeMethod -->
        <test-method status="PASS" signature="test_edit_micollab_Role_from_entry_to_premium(java.lang.reflect.Method)[pri:0, instance:tests.PM_Micollab_Test@59494225]" name="test_edit_micollab_Role_from_entry_to_premium" duration-ms="215405" started-at="2019-10-16T12:42:20Z" finished-at="2019-10-16T12:45:55Z">
          <params>
            <param index="0">
              <value>
                <![CDATA[public void tests.PM_Micollab_Test.test_edit_micollab_Role_from_entry_to_premium(java.lang.reflect.Method) throws java.lang.Exception]]>
              </value>
            </param>
          </params>
          <reporter-output>
          </reporter-output>
        </test-method> <!-- test_edit_micollab_Role_from_entry_to_premium -->
        <test-method status="PASS" signature="afterMethod(org.testng.ITestResult)[pri:0, instance:tests.PM_Micollab_Test@59494225]" name="afterMethod" is-config="true" duration-ms="650" started-at="2019-10-16T12:45:55Z" finished-at="2019-10-16T12:45:56Z">
          <params>
            <param index="0">
              <value>
                <![CDATA[[TestResult name=test_edit_micollab_Role_from_entry_to_premium status=SUCCESS method=PM_Micollab_Test.test_edit_micollab_Role_from_entry_to_premium(java.lang.reflect.Method)[pri:0, instance:tests.PM_Micollab_Test@59494225] output={null}]]]>
              </value>
            </param>
          </params>
          <reporter-output>
          </reporter-output>
        </test-method> <!-- afterMethod -->
        <test-method status="PASS" signature="beforeMethod()[pri:0, instance:tests.PM_Micollab_Test@59494225]" name="beforeMethod" is-config="true" duration-ms="4573" started-at="2019-10-16T12:45:56Z" finished-at="2019-10-16T12:46:00Z">
          <reporter-output>
          </reporter-output>
        </test-method> <!-- beforeMethod -->
        <test-method status="FAIL" signature="test_edit_micollab_Role_from_entry_to_standard(java.lang.reflect.Method)[pri:0, instance:tests.PM_Micollab_Test@59494225]" name="test_edit_micollab_Role_from_entry_to_standard" duration-ms="132128" started-at="2019-10-16T12:46:00Z" finished-at="2019-10-16T12:48:13Z">
          <params>
            <param index="0">
              <value>
                <![CDATA[public void tests.PM_Micollab_Test.test_edit_micollab_Role_from_entry_to_standard(java.lang.reflect.Method) throws java.lang.Exception]]>
              </value>
            </param>
          </params>
          <exception class="org.openqa.selenium.ElementNotInteractableException">
            <message>
              <![CDATA[element not interactable
  (Session info: chrome=77.0.3865.90)
Build info: version: '3.141.59', revision: 'e82be7d358', time: '2018-11-14T08:17:03'
System info: host: 'IN-7SMH5H2', ip: '172.25.109.193', os.name: 'Windows 10', os.arch: 'amd64', os.version: '10.0', java.version: '1.8.0_181'
Driver info: org.openqa.selenium.chrome.ChromeDriver
Capabilities {acceptInsecureCerts: false, browserName: chrome, browserVersion: 77.0.3865.90, chrome: {chromedriverVersion: 77.0.3865.40 (f484704e052e0..., userDataDir: C:\Users\mallikar\AppData\L...}, goog:chromeOptions: {debuggerAddress: localhost:1269}, javascriptEnabled: true, networkConnectionEnabled: false, pageLoadStrategy: normal, platform: XP, platformName: XP, proxy: Proxy(), setWindowRect: true, strictFileInteractability: false, timeouts: {implicit: 0, pageLoad: 300000, script: 30000}, unhandledPromptBehavior: dismiss and notify}
Session ID: dcde855257bee2b62cea45f8151f1638]]>
            </message>
            <full-stacktrace>
              <![CDATA[org.openqa.selenium.ElementNotInteractableException: element not interactable
  (Session info: chrome=77.0.3865.90)
Build info: version: '3.141.59', revision: 'e82be7d358', time: '2018-11-14T08:17:03'
System info: host: 'IN-7SMH5H2', ip: '172.25.109.193', os.name: 'Windows 10', os.arch: 'amd64', os.version: '10.0', java.version: '1.8.0_181'
Driver info: org.openqa.selenium.chrome.ChromeDriver
Capabilities {acceptInsecureCerts: false, browserName: chrome, browserVersion: 77.0.3865.90, chrome: {chromedriverVersion: 77.0.3865.40 (f484704e052e0..., userDataDir: C:\Users\mallikar\AppData\L...}, goog:chromeOptions: {debuggerAddress: localhost:1269}, javascriptEnabled: true, networkConnectionEnabled: false, pageLoadStrategy: normal, platform: XP, platformName: XP, proxy: Proxy(), setWindowRect: true, strictFileInteractability: false, timeouts: {implicit: 0, pageLoad: 300000, script: 30000}, unhandledPromptBehavior: dismiss and notify}
Session ID: dcde855257bee2b62cea45f8151f1638
at sun.reflect.NativeConstructorAccessorImpl.newInstance0(Native Method)
at sun.reflect.NativeConstructorAccessorImpl.newInstance(NativeConstructorAccessorImpl.java:62)
at sun.reflect.DelegatingConstructorAccessorImpl.newInstance(DelegatingConstructorAccessorImpl.java:45)
at java.lang.reflect.Constructor.newInstance(Constructor.java:423)
at org.openqa.selenium.remote.http.W3CHttpResponseCodec.createException(W3CHttpResponseCodec.java:187)
at org.openqa.selenium.remote.http.W3CHttpResponseCodec.decode(W3CHttpResponseCodec.java:122)
at org.openqa.selenium.remote.http.W3CHttpResponseCodec.decode(W3CHttpResponseCodec.java:49)
at org.openqa.selenium.remote.HttpCommandExecutor.execute(HttpCommandExecutor.java:158)
at org.openqa.selenium.remote.service.DriverCommandExecutor.execute(DriverCommandExecutor.java:83)
at org.openqa.selenium.remote.RemoteWebDriver.execute(RemoteWebDriver.java:552)
at org.openqa.selenium.remote.RemoteWebElement.execute(RemoteWebElement.java:285)
at org.openqa.selenium.remote.RemoteWebElement.sendKeys(RemoteWebElement.java:106)
at sun.reflect.GeneratedMethodAccessor1.invoke(Unknown Source)
at sun.reflect.DelegatingMethodAccessorImpl.invoke(DelegatingMethodAccessorImpl.java:43)
at java.lang.reflect.Method.invoke(Method.java:498)
at org.openqa.selenium.support.pagefactory.internal.LocatingElementHandler.invoke(LocatingElementHandler.java:51)
at com.sun.proxy.$Proxy13.sendKeys(Unknown Source)
at pm_pom_classes.PM_Login_Page.setUserPasswordTextBox(PM_Login_Page.java:29)
at pm_pom_classes.PM_Login_Page.PM_Login(PM_Login_Page.java:58)
at utilities.CleanUP.deleteUser(CleanUP.java:52)
at tests.PM_Micollab_Test.test_edit_micollab_Role_from_entry_to_standard(PM_Micollab_Test.java:4002)
at sun.reflect.NativeMethodAccessorImpl.invoke0(Native Method)
at sun.reflect.NativeMethodAccessorImpl.invoke(NativeMethodAccessorImpl.java:62)
at sun.reflect.DelegatingMethodAccessorImpl.invoke(DelegatingMethodAccessorImpl.java:43)
at java.lang.reflect.Method.invoke(Method.java:498)
at org.testng.internal.MethodInvocationHelper.invokeMethod(MethodInvocationHelper.java:124)
at org.testng.internal.Invoker.invokeMethod(Invoker.java:583)
at org.testng.internal.Invoker.invokeTestMethod(Invoker.java:719)
at org.testng.internal.Invoker.invokeTestMethods(Invoker.java:989)
at org.testng.internal.TestMethodWorker.invokeTestMethods(TestMethodWorker.java:125)
at org.testng.internal.TestMethodWorker.run(TestMethodWorker.java:109)
at org.testng.TestRunner.privateRun(TestRunner.java:648)
at org.testng.TestRunner.run(TestRunner.java:505)
at org.testng.SuiteRunner.runTest(SuiteRunner.java:455)
at org.testng.SuiteRunner.runSequentially(SuiteRunner.java:450)
at org.testng.SuiteRunner.privateRun(SuiteRunner.java:415)
at org.testng.SuiteRunner.run(SuiteRunner.java:364)
at org.testng.SuiteRunnerWorker.runSuite(SuiteRunnerWorker.java:52)
at org.testng.SuiteRunnerWorker.run(SuiteRunnerWorker.java:84)
at org.testng.TestNG.runSuitesSequentially(TestNG.java:1208)
at org.testng.TestNG.runSuitesLocally(TestNG.java:1137)
at org.testng.TestNG.runSuites(TestNG.java:1049)
at org.testng.TestNG.run(TestNG.java:1017)
at org.testng.remote.AbstractRemoteTestNG.run(AbstractRemoteTestNG.java:114)
at org.testng.remote.RemoteTestNG.initAndRun(RemoteTestNG.java:251)
at org.testng.remote.RemoteTestNG.main(RemoteTestNG.java:77)
]]>
            </full-stacktrace>
          </exception> <!-- org.openqa.selenium.ElementNotInteractableException -->
          <reporter-output>
          </reporter-output>
        </test-method> <!-- test_edit_micollab_Role_from_entry_to_standard -->
        <test-method status="PASS" signature="afterMethod(org.testng.ITestResult)[pri:0, instance:tests.PM_Micollab_Test@59494225]" name="afterMethod" is-config="true" duration-ms="668" started-at="2019-10-16T12:48:13Z" finished-at="2019-10-16T12:48:13Z">
          <params>
            <param index="0">
              <value>
                <![CDATA[[TestResult name=test_edit_micollab_Role_from_entry_to_standard status=FAILURE method=PM_Micollab_Test.test_edit_micollab_Role_from_entry_to_standard(java.lang.reflect.Method)[pri:0, instance:tests.PM_Micollab_Test@59494225] output={null}]]]>
              </value>
            </param>
          </params>
          <reporter-output>
          </reporter-output>
        </test-method> <!-- afterMethod -->
        <test-method status="PASS" signature="afterClass()[pri:0, instance:tests.PM_Micollab_Test@59494225]" name="afterClass" is-config="true" duration-ms="0" started-at="2019-10-16T12:48:13Z" finished-at="2019-10-16T12:48:13Z">
          <reporter-output>
          </reporter-output>
        </test-method> <!-- afterClass -->
        <test-method status="PASS" signature="afterSuite()[pri:0, instance:tests.PM_Micollab_Test@59494225]" name="afterSuite" is-config="true" duration-ms="1" started-at="2019-10-16T12:48:13Z" finished-at="2019-10-16T12:48:13Z">
          <reporter-output>
          </reporter-output>
        </test-method> <!-- afterSuite -->
      </class> <!-- tests.PM_Micollab_Test -->
    </test> <!-- Default test -->
  </suite> <!-- Default suite -->
</testng-results>
