<?xml version="1.0" encoding="UTF-8"?>
<testng-results skipped="0" failed="0" ignored="0" total="1" passed="1">
  <reporter-output>
  </reporter-output>
  <suite name="Suite" duration-ms="87691" started-at="2019-08-18T10:41:19Z" finished-at="2019-08-18T10:42:47Z">
    <groups>
    </groups>
    <test name="Test" duration-ms="87691" started-at="2019-08-18T10:41:19Z" finished-at="2019-08-18T10:42:47Z">
      <class name="tests.PM_User_Test">
        <test-method status="PASS" signature="beforeSuite()[pri:0, instance:tests.PM_User_Test@6e1ec318]" name="beforeSuite" is-config="true" duration-ms="1063" started-at="2019-08-18T10:41:18Z" finished-at="2019-08-18T10:41:19Z">
          <reporter-output>
          </reporter-output>
        </test-method> <!-- beforeSuite -->
        <test-method status="PASS" signature="beforeClass()[pri:0, instance:tests.PM_User_Test@6e1ec318]" name="beforeClass" is-config="true" duration-ms="6251" started-at="2019-08-18T10:41:19Z" finished-at="2019-08-18T10:41:25Z">
          <reporter-output>
          </reporter-output>
        </test-method> <!-- beforeClass -->
        <test-method status="PASS" signature="beforeMethod()[pri:0, instance:tests.PM_User_Test@6e1ec318]" name="beforeMethod" is-config="true" duration-ms="21" started-at="2019-08-18T10:41:25Z" finished-at="2019-08-18T10:41:25Z">
          <reporter-output>
          </reporter-output>
        </test-method> <!-- beforeMethod -->
        <test-method status="PASS" signature="test_delete_multipleUsers(java.lang.reflect.Method)[pri:0, instance:tests.PM_User_Test@6e1ec318]" name="test_delete_multipleUsers" duration-ms="80162" started-at="2019-08-18T10:41:25Z" finished-at="2019-08-18T10:42:45Z">
          <params>
            <param index="0">
              <value>
                <![CDATA[public void tests.PM_User_Test.test_delete_multipleUsers(java.lang.reflect.Method) throws java.lang.InterruptedException]]>
              </value>
            </param>
          </params>
          <reporter-output>
          </reporter-output>
        </test-method> <!-- test_delete_multipleUsers -->
        <test-method status="PASS" signature="afterMethod(org.testng.ITestResult)[pri:0, instance:tests.PM_User_Test@6e1ec318]" name="afterMethod" is-config="true" duration-ms="1" started-at="2019-08-18T10:42:45Z" finished-at="2019-08-18T10:42:45Z">
          <params>
            <param index="0">
              <value>
                <![CDATA[[TestResult name=test_delete_multipleUsers status=SUCCESS method=PM_User_Test.test_delete_multipleUsers(java.lang.reflect.Method)[pri:0, instance:tests.PM_User_Test@6e1ec318] output={null}]]]>
              </value>
            </param>
          </params>
          <reporter-output>
          </reporter-output>
        </test-method> <!-- afterMethod -->
        <test-method status="PASS" signature="afterClass()[pri:0, instance:tests.PM_User_Test@6e1ec318]" name="afterClass" is-config="true" duration-ms="1229" started-at="2019-08-18T10:42:45Z" finished-at="2019-08-18T10:42:47Z">
          <reporter-output>
          </reporter-output>
        </test-method> <!-- afterClass -->
        <test-method status="PASS" signature="afterSuite()[pri:0, instance:tests.PM_User_Test@6e1ec318]" name="afterSuite" is-config="true" duration-ms="1" started-at="2019-08-18T10:42:47Z" finished-at="2019-08-18T10:42:47Z">
          <reporter-output>
          </reporter-output>
        </test-method> <!-- afterSuite -->
      </class> <!-- tests.PM_User_Test -->
    </test> <!-- Test -->
  </suite> <!-- Suite -->
</testng-results>
