<?xml version="1.0" encoding="UTF-8"?>
<testng-results skipped="0" failed="0" ignored="0" total="1" passed="1">
  <reporter-output>
  </reporter-output>
  <suite name="Suite" duration-ms="62760" started-at="2019-08-24T13:21:50Z" finished-at="2019-08-24T13:22:52Z">
    <groups>
    </groups>
    <test name="Test" duration-ms="62760" started-at="2019-08-24T13:21:50Z" finished-at="2019-08-24T13:22:52Z">
      <class name="tests.PM_Extension_Test">
        <test-method status="PASS" signature="beforeSuite()[pri:0, instance:tests.PM_Extension_Test@6e1ec318]" name="beforeSuite" is-config="true" duration-ms="1119" started-at="2019-08-24T13:21:49Z" finished-at="2019-08-24T13:21:50Z">
          <reporter-output>
          </reporter-output>
        </test-method> <!-- beforeSuite -->
        <test-method status="PASS" signature="beforeClass()[pri:0, instance:tests.PM_Extension_Test@6e1ec318]" name="beforeClass" is-config="true" duration-ms="6434" started-at="2019-08-24T13:21:50Z" finished-at="2019-08-24T13:21:56Z">
          <reporter-output>
          </reporter-output>
        </test-method> <!-- beforeClass -->
        <test-method status="PASS" signature="beforeMethod()[pri:0, instance:tests.PM_Extension_Test@6e1ec318]" name="beforeMethod" is-config="true" duration-ms="26" started-at="2019-08-24T13:21:56Z" finished-at="2019-08-24T13:21:56Z">
          <reporter-output>
          </reporter-output>
        </test-method> <!-- beforeMethod -->
        <test-method status="PASS" signature="test_editToSetFirst_LastNames(java.lang.reflect.Method)[pri:0, instance:tests.PM_Extension_Test@6e1ec318]" name="test_editToSetFirst_LastNames" duration-ms="54438" started-at="2019-08-24T13:21:56Z" finished-at="2019-08-24T13:22:51Z">
          <params>
            <param index="0">
              <value>
                <![CDATA[public void tests.PM_Extension_Test.test_editToSetFirst_LastNames(java.lang.reflect.Method) throws java.lang.InterruptedException]]>
              </value>
            </param>
          </params>
          <reporter-output>
          </reporter-output>
        </test-method> <!-- test_editToSetFirst_LastNames -->
        <test-method status="PASS" signature="afterMethod(org.testng.ITestResult)[pri:0, instance:tests.PM_Extension_Test@6e1ec318]" name="afterMethod" is-config="true" duration-ms="4" started-at="2019-08-24T13:22:51Z" finished-at="2019-08-24T13:22:51Z">
          <params>
            <param index="0">
              <value>
                <![CDATA[[TestResult name=test_editToSetFirst_LastNames status=SUCCESS method=PM_Extension_Test.test_editToSetFirst_LastNames(java.lang.reflect.Method)[pri:0, instance:tests.PM_Extension_Test@6e1ec318] output={null}]]]>
              </value>
            </param>
          </params>
          <reporter-output>
          </reporter-output>
        </test-method> <!-- afterMethod -->
        <test-method status="PASS" signature="afterClass()[pri:0, instance:tests.PM_Extension_Test@6e1ec318]" name="afterClass" is-config="true" duration-ms="1830" started-at="2019-08-24T13:22:51Z" finished-at="2019-08-24T13:22:52Z">
          <reporter-output>
          </reporter-output>
        </test-method> <!-- afterClass -->
        <test-method status="PASS" signature="afterSuite()[pri:0, instance:tests.PM_Extension_Test@6e1ec318]" name="afterSuite" is-config="true" duration-ms="0" started-at="2019-08-24T13:22:52Z" finished-at="2019-08-24T13:22:52Z">
          <reporter-output>
          </reporter-output>
        </test-method> <!-- afterSuite -->
      </class> <!-- tests.PM_Extension_Test -->
    </test> <!-- Test -->
  </suite> <!-- Suite -->
</testng-results>
