<?xml version="1.0" encoding="UTF-8"?>
<testng-results skipped="0" failed="1" ignored="0" total="1" passed="0">
  <reporter-output>
  </reporter-output>
  <suite name="Default suite" duration-ms="23620" started-at="2019-10-28T11:35:41Z" finished-at="2019-10-28T11:36:05Z">
    <groups>
    </groups>
    <test name="Default test" duration-ms="23620" started-at="2019-10-28T11:35:41Z" finished-at="2019-10-28T11:36:05Z">
      <class name="tests.SNM_Telephony_Extension_CSP_Test">
        <test-method status="PASS" signature="beforeSuite()[pri:0, instance:tests.SNM_Telephony_Extension_CSP_Test@67205a84]" name="beforeSuite" is-config="true" duration-ms="923" started-at="2019-10-28T11:35:40Z" finished-at="2019-10-28T11:35:41Z">
          <reporter-output>
          </reporter-output>
        </test-method> <!-- beforeSuite -->
        <test-method status="PASS" signature="beforeClass()[pri:0, instance:tests.SNM_Telephony_Extension_CSP_Test@67205a84]" name="beforeClass" is-config="true" duration-ms="0" started-at="2019-10-28T11:35:41Z" finished-at="2019-10-28T11:35:41Z">
          <reporter-output>
          </reporter-output>
        </test-method> <!-- beforeClass -->
        <test-method status="PASS" signature="beforeMethod(org.testng.ITestContext)[pri:0, instance:tests.SNM_Telephony_Extension_CSP_Test@67205a84]" name="beforeMethod" is-config="true" duration-ms="3455" started-at="2019-10-28T11:35:41Z" finished-at="2019-10-28T11:35:44Z">
          <params>
            <param index="0">
              <value>
                <![CDATA[org.testng.TestRunner@59942b48]]>
              </value>
            </param>
          </params>
          <reporter-output>
          </reporter-output>
        </test-method> <!-- beforeMethod -->
        <test-method status="FAIL" signature="test_create_CSP(java.lang.reflect.Method)[pri:0, instance:tests.SNM_Telephony_Extension_CSP_Test@67205a84]" name="test_create_CSP" duration-ms="17973" started-at="2019-10-28T11:35:44Z" finished-at="2019-10-28T11:36:02Z">
          <params>
            <param index="0">
              <value>
                <![CDATA[public void tests.SNM_Telephony_Extension_CSP_Test.test_create_CSP(java.lang.reflect.Method) throws java.lang.Exception]]>
              </value>
            </param>
          </params>
          <exception class="java.lang.AssertionError">
            <message>
              <![CDATA[expected [true] but found [false]]]>
            </message>
            <full-stacktrace>
              <![CDATA[java.lang.AssertionError: expected [true] but found [false]
at org.testng.Assert.fail(Assert.java:96)
at org.testng.Assert.failNotEquals(Assert.java:776)
at org.testng.Assert.assertTrue(Assert.java:44)
at org.testng.Assert.assertTrue(Assert.java:54)
at tests.SNM_Telephony_Extension_CSP_Test.test_create_CSP(SNM_Telephony_Extension_CSP_Test.java:181)
at sun.reflect.NativeMethodAccessorImpl.invoke0(Native Method)
at sun.reflect.NativeMethodAccessorImpl.invoke(Unknown Source)
at sun.reflect.DelegatingMethodAccessorImpl.invoke(Unknown Source)
at java.lang.reflect.Method.invoke(Unknown Source)
at org.testng.internal.MethodInvocationHelper.invokeMethod(MethodInvocationHelper.java:124)
at org.testng.internal.Invoker.invokeMethod(Invoker.java:583)
at org.testng.internal.Invoker.invokeTestMethod(Invoker.java:719)
at org.testng.internal.Invoker.invokeTestMethods(Invoker.java:989)
at org.testng.internal.TestMethodWorker.invokeTestMethods(TestMethodWorker.java:125)
at org.testng.internal.TestMethodWorker.run(TestMethodWorker.java:109)
at org.testng.TestRunner.privateRun(TestRunner.java:648)
at org.testng.TestRunner.run(TestRunner.java:505)
at org.testng.SuiteRunner.runTest(SuiteRunner.java:455)
at org.testng.SuiteRunner.runSequentially(SuiteRunner.java:450)
at org.testng.SuiteRunner.privateRun(SuiteRunner.java:415)
at org.testng.SuiteRunner.run(SuiteRunner.java:364)
at org.testng.SuiteRunnerWorker.runSuite(SuiteRunnerWorker.java:52)
at org.testng.SuiteRunnerWorker.run(SuiteRunnerWorker.java:84)
at org.testng.TestNG.runSuitesSequentially(TestNG.java:1208)
at org.testng.TestNG.runSuitesLocally(TestNG.java:1137)
at org.testng.TestNG.runSuites(TestNG.java:1049)
at org.testng.TestNG.run(TestNG.java:1017)
at org.testng.remote.AbstractRemoteTestNG.run(AbstractRemoteTestNG.java:132)
at org.testng.remote.RemoteTestNG.initAndRun(RemoteTestNG.java:236)
at org.testng.remote.RemoteTestNG.main(RemoteTestNG.java:81)
]]>
            </full-stacktrace>
          </exception> <!-- java.lang.AssertionError -->
          <reporter-output>
          </reporter-output>
        </test-method> <!-- test_create_CSP -->
        <test-method status="PASS" signature="afterMethod(org.testng.ITestResult)[pri:0, instance:tests.SNM_Telephony_Extension_CSP_Test@67205a84]" name="afterMethod" is-config="true" duration-ms="2166" started-at="2019-10-28T11:36:02Z" finished-at="2019-10-28T11:36:05Z">
          <params>
            <param index="0">
              <value>
                <![CDATA[[TestResult name=test_create_CSP status=FAILURE method=SNM_Telephony_Extension_CSP_Test.test_create_CSP(java.lang.reflect.Method)[pri:0, instance:tests.SNM_Telephony_Extension_CSP_Test@67205a84] output={null}]]]>
              </value>
            </param>
          </params>
          <reporter-output>
          </reporter-output>
        </test-method> <!-- afterMethod -->
        <test-method status="PASS" signature="afterClass()[pri:0, instance:tests.SNM_Telephony_Extension_CSP_Test@67205a84]" name="afterClass" is-config="true" duration-ms="0" started-at="2019-10-28T11:36:05Z" finished-at="2019-10-28T11:36:05Z">
          <reporter-output>
          </reporter-output>
        </test-method> <!-- afterClass -->
        <test-method status="PASS" signature="afterSuite()[pri:0, instance:tests.SNM_Telephony_Extension_CSP_Test@67205a84]" name="afterSuite" is-config="true" duration-ms="0" started-at="2019-10-28T11:36:05Z" finished-at="2019-10-28T11:36:05Z">
          <reporter-output>
          </reporter-output>
        </test-method> <!-- afterSuite -->
      </class> <!-- tests.SNM_Telephony_Extension_CSP_Test -->
    </test> <!-- Default test -->
  </suite> <!-- Default suite -->
</testng-results>
