<?xml version="1.0" encoding="UTF-8"?>
<testng-results skipped="0" failed="0" ignored="0" total="1" passed="1">
  <reporter-output>
  </reporter-output>
  <suite name="Default suite" duration-ms="343072" started-at="2019-10-05T16:10:05Z" finished-at="2019-10-05T16:15:48Z">
    <groups>
    </groups>
    <test name="Default test" duration-ms="343072" started-at="2019-10-05T16:10:05Z" finished-at="2019-10-05T16:15:48Z">
      <class name="tests.PM_Import_Test">
        <test-method status="PASS" signature="beforeSuite()[pri:0, instance:tests.PM_Import_Test@5cb9f472]" name="beforeSuite" is-config="true" duration-ms="1470" started-at="2019-10-05T16:10:03Z" finished-at="2019-10-05T16:10:05Z">
          <reporter-output>
          </reporter-output>
        </test-method> <!-- beforeSuite -->
        <test-method status="PASS" signature="beforeClass()[pri:0, instance:tests.PM_Import_Test@5cb9f472]" name="beforeClass" is-config="true" duration-ms="3999" started-at="2019-10-05T16:10:05Z" finished-at="2019-10-05T16:10:09Z">
          <reporter-output>
          </reporter-output>
        </test-method> <!-- beforeClass -->
        <test-method status="PASS" signature="beforeMethod()[pri:0, instance:tests.PM_Import_Test@5cb9f472]" name="beforeMethod" is-config="true" duration-ms="1213" started-at="2019-10-05T16:10:09Z" finished-at="2019-10-05T16:10:10Z">
          <reporter-output>
          </reporter-output>
        </test-method> <!-- beforeMethod -->
        <test-method status="PASS" signature="test_bulk_user_import_with_existing_extensions(java.lang.reflect.Method)[pri:0, instance:tests.PM_Import_Test@5cb9f472]" name="test_bulk_user_import_with_existing_extensions" duration-ms="337363" started-at="2019-10-05T16:10:10Z" finished-at="2019-10-05T16:15:47Z">
          <params>
            <param index="0">
              <value>
                <![CDATA[public void tests.PM_Import_Test.test_bulk_user_import_with_existing_extensions(java.lang.reflect.Method) throws java.lang.Exception]]>
              </value>
            </param>
          </params>
          <reporter-output>
          </reporter-output>
        </test-method> <!-- test_bulk_user_import_with_existing_extensions -->
        <test-method status="PASS" signature="afterMethod(org.testng.ITestResult)[pri:0, instance:tests.PM_Import_Test@5cb9f472]" name="afterMethod" is-config="true" duration-ms="2" started-at="2019-10-05T16:15:47Z" finished-at="2019-10-05T16:15:47Z">
          <params>
            <param index="0">
              <value>
                <![CDATA[[TestResult name=test_bulk_user_import_with_existing_extensions status=SUCCESS method=PM_Import_Test.test_bulk_user_import_with_existing_extensions(java.lang.reflect.Method)[pri:0, instance:tests.PM_Import_Test@5cb9f472] output={null}]]]>
              </value>
            </param>
          </params>
          <reporter-output>
          </reporter-output>
        </test-method> <!-- afterMethod -->
        <test-method status="PASS" signature="afterClass()[pri:0, instance:tests.PM_Import_Test@5cb9f472]" name="afterClass" is-config="true" duration-ms="436" started-at="2019-10-05T16:15:47Z" finished-at="2019-10-05T16:15:48Z">
          <reporter-output>
          </reporter-output>
        </test-method> <!-- afterClass -->
        <test-method status="PASS" signature="afterSuite()[pri:0, instance:tests.PM_Import_Test@5cb9f472]" name="afterSuite" is-config="true" duration-ms="0" started-at="2019-10-05T16:15:48Z" finished-at="2019-10-05T16:15:48Z">
          <reporter-output>
          </reporter-output>
        </test-method> <!-- afterSuite -->
      </class> <!-- tests.PM_Import_Test -->
    </test> <!-- Default test -->
  </suite> <!-- Default suite -->
</testng-results>
