<?xml version="1.0" encoding="UTF-8"?>
<testng-results skipped="0" failed="0" ignored="0" total="1" passed="1">
  <reporter-output>
  </reporter-output>
  <suite name="Suite" duration-ms="22449" started-at="2019-08-14T17:38:58Z" finished-at="2019-08-14T17:39:21Z">
    <groups>
    </groups>
    <test name="Test" duration-ms="22449" started-at="2019-08-14T17:38:58Z" finished-at="2019-08-14T17:39:21Z">
      <class name="tests.PM_User_Test">
        <test-method status="PASS" signature="beforeSuite()[pri:0, instance:tests.PM_User_Test@6e1ec318]" name="beforeSuite" is-config="true" duration-ms="923" started-at="2019-08-14T17:38:57Z" finished-at="2019-08-14T17:38:58Z">
          <reporter-output>
          </reporter-output>
        </test-method> <!-- beforeSuite -->
        <test-method status="PASS" signature="beforeClass()[pri:0, instance:tests.PM_User_Test@6e1ec318]" name="beforeClass" is-config="true" duration-ms="6457" started-at="2019-08-14T17:38:58Z" finished-at="2019-08-14T17:39:05Z">
          <reporter-output>
          </reporter-output>
        </test-method> <!-- beforeClass -->
        <test-method status="PASS" signature="beforeMethod()[pri:0, instance:tests.PM_User_Test@6e1ec318]" name="beforeMethod" is-config="true" duration-ms="34" started-at="2019-08-14T17:39:05Z" finished-at="2019-08-14T17:39:05Z">
          <reporter-output>
          </reporter-output>
        </test-method> <!-- beforeMethod -->
        <test-method status="PASS" signature="test_create_user(java.lang.reflect.Method)[pri:0, instance:tests.PM_User_Test@6e1ec318]" name="test_create_user" duration-ms="14334" started-at="2019-08-14T17:39:05Z" finished-at="2019-08-14T17:39:19Z">
          <params>
            <param index="0">
              <value>
                <![CDATA[public void tests.PM_User_Test.test_create_user(java.lang.reflect.Method) throws java.lang.InterruptedException]]>
              </value>
            </param>
          </params>
          <reporter-output>
          </reporter-output>
        </test-method> <!-- test_create_user -->
        <test-method status="PASS" signature="afterMethod(org.testng.ITestResult)[pri:0, instance:tests.PM_User_Test@6e1ec318]" name="afterMethod" is-config="true" duration-ms="2" started-at="2019-08-14T17:39:19Z" finished-at="2019-08-14T17:39:19Z">
          <params>
            <param index="0">
              <value>
                <![CDATA[[TestResult name=test_create_user status=SUCCESS method=PM_User_Test.test_create_user(java.lang.reflect.Method)[pri:0, instance:tests.PM_User_Test@6e1ec318] output={null}]]]>
              </value>
            </param>
          </params>
          <reporter-output>
          </reporter-output>
        </test-method> <!-- afterMethod -->
        <test-method status="PASS" signature="afterClass()[pri:0, instance:tests.PM_User_Test@6e1ec318]" name="afterClass" is-config="true" duration-ms="1598" started-at="2019-08-14T17:39:19Z" finished-at="2019-08-14T17:39:21Z">
          <reporter-output>
          </reporter-output>
        </test-method> <!-- afterClass -->
        <test-method status="PASS" signature="afterSuite()[pri:0, instance:tests.PM_User_Test@6e1ec318]" name="afterSuite" is-config="true" duration-ms="0" started-at="2019-08-14T17:39:21Z" finished-at="2019-08-14T17:39:21Z">
          <reporter-output>
          </reporter-output>
        </test-method> <!-- afterSuite -->
      </class> <!-- tests.PM_User_Test -->
    </test> <!-- Test -->
  </suite> <!-- Suite -->
</testng-results>
