<?xml version="1.0" encoding="UTF-8"?>
<testng-results skipped="1" failed="1" total="14" passed="12">
  <reporter-output>
  </reporter-output>
  <suite name="Default suite" duration-ms="623290" started-at="2020-01-21T06:33:47Z" finished-at="2020-01-21T06:44:10Z">
    <groups>
    </groups>
    <test name="Default test" duration-ms="623290" started-at="2020-01-21T06:33:47Z" finished-at="2020-01-21T06:44:10Z">
      <class name="tests.PM_VirtualExtension_Test">
        <test-method status="PASS" signature="beforeSuite()[pri:0, instance:tests.PM_VirtualExtension_Test@e45f292]" name="beforeSuite" is-config="true" duration-ms="1082" started-at="2020-01-21T12:03:46Z" finished-at="2020-01-21T12:03:47Z">
          <reporter-output>
          </reporter-output>
        </test-method> <!-- beforeSuite -->
        <test-method status="PASS" signature="beforeClass()[pri:0, instance:tests.PM_VirtualExtension_Test@e45f292]" name="beforeClass" is-config="true" duration-ms="0" started-at="2020-01-21T12:03:47Z" finished-at="2020-01-21T12:03:47Z">
          <reporter-output>
          </reporter-output>
        </test-method> <!-- beforeClass -->
        <test-method status="PASS" signature="beforeMethod(org.testng.ITestContext)[pri:0, instance:tests.PM_VirtualExtension_Test@e45f292]" name="beforeMethod" is-config="true" duration-ms="3576" started-at="2020-01-21T12:03:47Z" finished-at="2020-01-21T12:03:50Z">
          <params>
            <param index="0">
              <value>
                <![CDATA[org.testng.TestRunner@1741afaf]]>
              </value>
            </param>
          </params>
          <reporter-output>
          </reporter-output>
        </test-method> <!-- beforeMethod -->
        <test-method status="PASS" signature="test_configureParallel_ringing_to_VirtualExt(java.lang.reflect.Method)[pri:0, instance:tests.PM_VirtualExtension_Test@e45f292]" name="test_configureParallel_ringing_to_VirtualExt" duration-ms="46086" started-at="2020-01-21T12:03:50Z" finished-at="2020-01-21T12:04:36Z">
          <params>
            <param index="0">
              <value>
                <![CDATA[public void tests.PM_VirtualExtension_Test.test_configureParallel_ringing_to_VirtualExt(java.lang.reflect.Method) throws java.lang.Exception]]>
              </value>
            </param>
          </params>
          <reporter-output>
          </reporter-output>
        </test-method> <!-- test_configureParallel_ringing_to_VirtualExt -->
        <test-method status="PASS" signature="afterMethod(org.testng.ITestResult)[pri:0, instance:tests.PM_VirtualExtension_Test@e45f292]" name="afterMethod" is-config="true" duration-ms="64" started-at="2020-01-21T12:04:36Z" finished-at="2020-01-21T12:04:36Z">
          <params>
            <param index="0">
              <value>
                <![CDATA[[TestResult name=test_configureParallel_ringing_to_VirtualExt status=SUCCESS method=PM_VirtualExtension_Test.test_configureParallel_ringing_to_VirtualExt(java.lang.reflect.Method)[pri:0, instance:tests.PM_VirtualExtension_Test@e45f292] output={null}]]]>
              </value>
            </param>
          </params>
          <reporter-output>
          </reporter-output>
        </test-method> <!-- afterMethod -->
        <test-method status="PASS" signature="beforeMethod(org.testng.ITestContext)[pri:0, instance:tests.PM_VirtualExtension_Test@e45f292]" name="beforeMethod" is-config="true" duration-ms="3303" started-at="2020-01-21T12:04:36Z" finished-at="2020-01-21T12:04:40Z">
          <params>
            <param index="0">
              <value>
                <![CDATA[org.testng.TestRunner@1741afaf]]>
              </value>
            </param>
          </params>
          <reporter-output>
          </reporter-output>
        </test-method> <!-- beforeMethod -->
        <test-method status="PASS" signature="test_createUserAssign_Existing_VirtualExtension(java.lang.reflect.Method)[pri:0, instance:tests.PM_VirtualExtension_Test@e45f292]" name="test_createUserAssign_Existing_VirtualExtension" duration-ms="39162" started-at="2020-01-21T12:04:40Z" finished-at="2020-01-21T12:05:19Z">
          <params>
            <param index="0">
              <value>
                <![CDATA[public void tests.PM_VirtualExtension_Test.test_createUserAssign_Existing_VirtualExtension(java.lang.reflect.Method) throws java.lang.Exception]]>
              </value>
            </param>
          </params>
          <reporter-output>
          </reporter-output>
        </test-method> <!-- test_createUserAssign_Existing_VirtualExtension -->
        <test-method status="PASS" signature="afterMethod(org.testng.ITestResult)[pri:0, instance:tests.PM_VirtualExtension_Test@e45f292]" name="afterMethod" is-config="true" duration-ms="80" started-at="2020-01-21T12:05:19Z" finished-at="2020-01-21T12:05:19Z">
          <params>
            <param index="0">
              <value>
                <![CDATA[[TestResult name=test_createUserAssign_Existing_VirtualExtension status=SUCCESS method=PM_VirtualExtension_Test.test_createUserAssign_Existing_VirtualExtension(java.lang.reflect.Method)[pri:0, instance:tests.PM_VirtualExtension_Test@e45f292] output={null}]]]>
              </value>
            </param>
          </params>
          <reporter-output>
          </reporter-output>
        </test-method> <!-- afterMethod -->
        <test-method status="PASS" signature="beforeMethod(org.testng.ITestContext)[pri:0, instance:tests.PM_VirtualExtension_Test@e45f292]" name="beforeMethod" is-config="true" duration-ms="3360" started-at="2020-01-21T12:05:19Z" finished-at="2020-01-21T12:05:22Z">
          <params>
            <param index="0">
              <value>
                <![CDATA[org.testng.TestRunner@1741afaf]]>
              </value>
            </param>
          </params>
          <reporter-output>
          </reporter-output>
        </test-method> <!-- beforeMethod -->
        <test-method status="PASS" signature="test_createUserWith_Extesnsion_Using_VirtualTemplate(java.lang.reflect.Method)[pri:0, instance:tests.PM_VirtualExtension_Test@e45f292]" name="test_createUserWith_Extesnsion_Using_VirtualTemplate" duration-ms="58911" started-at="2020-01-21T12:05:22Z" finished-at="2020-01-21T12:06:21Z">
          <params>
            <param index="0">
              <value>
                <![CDATA[public void tests.PM_VirtualExtension_Test.test_createUserWith_Extesnsion_Using_VirtualTemplate(java.lang.reflect.Method) throws java.lang.Exception]]>
              </value>
            </param>
          </params>
          <reporter-output>
          </reporter-output>
        </test-method> <!-- test_createUserWith_Extesnsion_Using_VirtualTemplate -->
        <test-method status="PASS" signature="afterMethod(org.testng.ITestResult)[pri:0, instance:tests.PM_VirtualExtension_Test@e45f292]" name="afterMethod" is-config="true" duration-ms="53" started-at="2020-01-21T12:06:21Z" finished-at="2020-01-21T12:06:21Z">
          <params>
            <param index="0">
              <value>
                <![CDATA[[TestResult name=test_createUserWith_Extesnsion_Using_VirtualTemplate status=SUCCESS method=PM_VirtualExtension_Test.test_createUserWith_Extesnsion_Using_VirtualTemplate(java.lang.reflect.Method)[pri:0, instance:tests.PM_VirtualExtension_Test@e45f292] output={null}]]]>
              </value>
            </param>
          </params>
          <reporter-output>
          </reporter-output>
        </test-method> <!-- afterMethod -->
        <test-method status="PASS" signature="beforeMethod(org.testng.ITestContext)[pri:0, instance:tests.PM_VirtualExtension_Test@e45f292]" name="beforeMethod" is-config="true" duration-ms="3256" started-at="2020-01-21T12:06:21Z" finished-at="2020-01-21T12:06:25Z">
          <params>
            <param index="0">
              <value>
                <![CDATA[org.testng.TestRunner@1741afaf]]>
              </value>
            </param>
          </params>
          <reporter-output>
          </reporter-output>
        </test-method> <!-- beforeMethod -->
        <test-method status="PASS" signature="test_createUser_with_virtualExtension(java.lang.reflect.Method)[pri:0, instance:tests.PM_VirtualExtension_Test@e45f292]" name="test_createUser_with_virtualExtension" duration-ms="46362" started-at="2020-01-21T12:06:25Z" finished-at="2020-01-21T12:07:11Z">
          <params>
            <param index="0">
              <value>
                <![CDATA[public void tests.PM_VirtualExtension_Test.test_createUser_with_virtualExtension(java.lang.reflect.Method) throws java.lang.Exception]]>
              </value>
            </param>
          </params>
          <reporter-output>
          </reporter-output>
        </test-method> <!-- test_createUser_with_virtualExtension -->
        <test-method status="PASS" signature="afterMethod(org.testng.ITestResult)[pri:0, instance:tests.PM_VirtualExtension_Test@e45f292]" name="afterMethod" is-config="true" duration-ms="69" started-at="2020-01-21T12:07:11Z" finished-at="2020-01-21T12:07:11Z">
          <params>
            <param index="0">
              <value>
                <![CDATA[[TestResult name=test_createUser_with_virtualExtension status=SUCCESS method=PM_VirtualExtension_Test.test_createUser_with_virtualExtension(java.lang.reflect.Method)[pri:0, instance:tests.PM_VirtualExtension_Test@e45f292] output={null}]]]>
              </value>
            </param>
          </params>
          <reporter-output>
          </reporter-output>
        </test-method> <!-- afterMethod -->
        <test-method status="PASS" signature="beforeMethod(org.testng.ITestContext)[pri:0, instance:tests.PM_VirtualExtension_Test@e45f292]" name="beforeMethod" is-config="true" duration-ms="3233" started-at="2020-01-21T12:07:11Z" finished-at="2020-01-21T12:07:14Z">
          <params>
            <param index="0">
              <value>
                <![CDATA[org.testng.TestRunner@1741afaf]]>
              </value>
            </param>
          </params>
          <reporter-output>
          </reporter-output>
        </test-method> <!-- beforeMethod -->
        <test-method status="PASS" signature="test_create_virtual_extension(java.lang.reflect.Method)[pri:0, instance:tests.PM_VirtualExtension_Test@e45f292]" name="test_create_virtual_extension" duration-ms="32722" started-at="2020-01-21T12:07:14Z" finished-at="2020-01-21T12:07:47Z">
          <params>
            <param index="0">
              <value>
                <![CDATA[public void tests.PM_VirtualExtension_Test.test_create_virtual_extension(java.lang.reflect.Method) throws java.lang.Exception]]>
              </value>
            </param>
          </params>
          <reporter-output>
          </reporter-output>
        </test-method> <!-- test_create_virtual_extension -->
        <test-method status="PASS" signature="afterMethod(org.testng.ITestResult)[pri:0, instance:tests.PM_VirtualExtension_Test@e45f292]" name="afterMethod" is-config="true" duration-ms="53" started-at="2020-01-21T12:07:47Z" finished-at="2020-01-21T12:07:47Z">
          <params>
            <param index="0">
              <value>
                <![CDATA[[TestResult name=test_create_virtual_extension status=SUCCESS method=PM_VirtualExtension_Test.test_create_virtual_extension(java.lang.reflect.Method)[pri:0, instance:tests.PM_VirtualExtension_Test@e45f292] output={null}]]]>
              </value>
            </param>
          </params>
          <reporter-output>
          </reporter-output>
        </test-method> <!-- afterMethod -->
        <test-method status="PASS" signature="beforeMethod(org.testng.ITestContext)[pri:0, instance:tests.PM_VirtualExtension_Test@e45f292]" name="beforeMethod" is-config="true" duration-ms="3292" started-at="2020-01-21T12:07:47Z" finished-at="2020-01-21T12:07:50Z">
          <params>
            <param index="0">
              <value>
                <![CDATA[org.testng.TestRunner@1741afaf]]>
              </value>
            </param>
          </params>
          <reporter-output>
          </reporter-output>
        </test-method> <!-- beforeMethod -->
        <test-method status="PASS" signature="test_create_virtual_extension_usingTemplate(java.lang.reflect.Method)[pri:0, instance:tests.PM_VirtualExtension_Test@e45f292]" name="test_create_virtual_extension_usingTemplate" duration-ms="43946" started-at="2020-01-21T12:07:50Z" finished-at="2020-01-21T12:08:34Z">
          <params>
            <param index="0">
              <value>
                <![CDATA[public void tests.PM_VirtualExtension_Test.test_create_virtual_extension_usingTemplate(java.lang.reflect.Method) throws java.lang.Exception]]>
              </value>
            </param>
          </params>
          <reporter-output>
          </reporter-output>
        </test-method> <!-- test_create_virtual_extension_usingTemplate -->
        <test-method status="PASS" signature="afterMethod(org.testng.ITestResult)[pri:0, instance:tests.PM_VirtualExtension_Test@e45f292]" name="afterMethod" is-config="true" duration-ms="54" started-at="2020-01-21T12:08:34Z" finished-at="2020-01-21T12:08:34Z">
          <params>
            <param index="0">
              <value>
                <![CDATA[[TestResult name=test_create_virtual_extension_usingTemplate status=SUCCESS method=PM_VirtualExtension_Test.test_create_virtual_extension_usingTemplate(java.lang.reflect.Method)[pri:0, instance:tests.PM_VirtualExtension_Test@e45f292] output={null}]]]>
              </value>
            </param>
          </params>
          <reporter-output>
          </reporter-output>
        </test-method> <!-- afterMethod -->
        <test-method status="PASS" signature="beforeMethod(org.testng.ITestContext)[pri:0, instance:tests.PM_VirtualExtension_Test@e45f292]" name="beforeMethod" is-config="true" duration-ms="3305" started-at="2020-01-21T12:08:34Z" finished-at="2020-01-21T12:08:38Z">
          <params>
            <param index="0">
              <value>
                <![CDATA[org.testng.TestRunner@1741afaf]]>
              </value>
            </param>
          </params>
          <reporter-output>
          </reporter-output>
        </test-method> <!-- beforeMethod -->
        <test-method status="PASS" signature="test_delete_multiple_virtual_extension(java.lang.reflect.Method)[pri:0, instance:tests.PM_VirtualExtension_Test@e45f292]" name="test_delete_multiple_virtual_extension" duration-ms="32748" started-at="2020-01-21T12:08:38Z" finished-at="2020-01-21T12:09:10Z">
          <params>
            <param index="0">
              <value>
                <![CDATA[public void tests.PM_VirtualExtension_Test.test_delete_multiple_virtual_extension(java.lang.reflect.Method) throws java.lang.Exception]]>
              </value>
            </param>
          </params>
          <reporter-output>
          </reporter-output>
        </test-method> <!-- test_delete_multiple_virtual_extension -->
        <test-method status="PASS" signature="afterMethod(org.testng.ITestResult)[pri:0, instance:tests.PM_VirtualExtension_Test@e45f292]" name="afterMethod" is-config="true" duration-ms="67" started-at="2020-01-21T12:09:10Z" finished-at="2020-01-21T12:09:10Z">
          <params>
            <param index="0">
              <value>
                <![CDATA[[TestResult name=test_delete_multiple_virtual_extension status=SUCCESS method=PM_VirtualExtension_Test.test_delete_multiple_virtual_extension(java.lang.reflect.Method)[pri:0, instance:tests.PM_VirtualExtension_Test@e45f292] output={null}]]]>
              </value>
            </param>
          </params>
          <reporter-output>
          </reporter-output>
        </test-method> <!-- afterMethod -->
        <test-method status="PASS" signature="beforeMethod(org.testng.ITestContext)[pri:0, instance:tests.PM_VirtualExtension_Test@e45f292]" name="beforeMethod" is-config="true" duration-ms="3255" started-at="2020-01-21T12:09:10Z" finished-at="2020-01-21T12:09:14Z">
          <params>
            <param index="0">
              <value>
                <![CDATA[org.testng.TestRunner@1741afaf]]>
              </value>
            </param>
          </params>
          <reporter-output>
          </reporter-output>
        </test-method> <!-- beforeMethod -->
        <test-method status="PASS" signature="test_delete_virtual_extension(java.lang.reflect.Method)[pri:0, instance:tests.PM_VirtualExtension_Test@e45f292]" name="test_delete_virtual_extension" duration-ms="39484" started-at="2020-01-21T12:09:14Z" finished-at="2020-01-21T12:09:53Z">
          <params>
            <param index="0">
              <value>
                <![CDATA[public void tests.PM_VirtualExtension_Test.test_delete_virtual_extension(java.lang.reflect.Method) throws java.lang.Exception]]>
              </value>
            </param>
          </params>
          <reporter-output>
          </reporter-output>
        </test-method> <!-- test_delete_virtual_extension -->
        <test-method status="PASS" signature="afterMethod(org.testng.ITestResult)[pri:0, instance:tests.PM_VirtualExtension_Test@e45f292]" name="afterMethod" is-config="true" duration-ms="54" started-at="2020-01-21T12:09:53Z" finished-at="2020-01-21T12:09:53Z">
          <params>
            <param index="0">
              <value>
                <![CDATA[[TestResult name=test_delete_virtual_extension status=SUCCESS method=PM_VirtualExtension_Test.test_delete_virtual_extension(java.lang.reflect.Method)[pri:0, instance:tests.PM_VirtualExtension_Test@e45f292] output={null}]]]>
              </value>
            </param>
          </params>
          <reporter-output>
          </reporter-output>
        </test-method> <!-- afterMethod -->
        <test-method status="PASS" signature="beforeMethod(org.testng.ITestContext)[pri:0, instance:tests.PM_VirtualExtension_Test@e45f292]" name="beforeMethod" is-config="true" duration-ms="3281" started-at="2020-01-21T12:09:53Z" finished-at="2020-01-21T12:09:57Z">
          <params>
            <param index="0">
              <value>
                <![CDATA[org.testng.TestRunner@1741afaf]]>
              </value>
            </param>
          </params>
          <reporter-output>
          </reporter-output>
        </test-method> <!-- beforeMethod -->
        <test-method status="SKIP" signature="test_editToConfigureHotLineNumber_Virtual(java.lang.String, java.lang.reflect.Method)[pri:0, instance:tests.PM_VirtualExtension_Test@e45f292]" name="test_editToConfigureHotLineNumber_Virtual" duration-ms="0" started-at="2020-01-21T12:09:53Z" data-provider="hotline" finished-at="2020-01-21T12:09:53Z">
          <exception class="org.testng.TestNGException">
            <message>
              <![CDATA[
Data Provider public java.lang.Object[] tests.PM_VirtualExtension_Test.getHotLineData() must return either Object[][] or Iterator<Object>[], not class [Ljava.lang.Object;]]>
            </message>
            <full-stacktrace>
              <![CDATA[org.testng.TestNGException: 
Data Provider public java.lang.Object[] tests.PM_VirtualExtension_Test.getHotLineData() must return either Object[][] or Iterator<Object>[], not class [Ljava.lang.Object;
	at org.testng.internal.MethodInvocationHelper.invokeDataProvider(MethodInvocationHelper.java:115)
	at org.testng.internal.Parameters.handleParameters(Parameters.java:429)
	at org.testng.internal.Invoker.handleParameters(Invoker.java:1240)
	at org.testng.internal.Invoker.createParameters(Invoker.java:980)
	at org.testng.internal.Invoker.invokeTestMethods(Invoker.java:1070)
	at org.testng.internal.TestMethodWorker.invokeTestMethods(TestMethodWorker.java:129)
	at org.testng.internal.TestMethodWorker.run(TestMethodWorker.java:112)
	at org.testng.TestRunner.privateRun(TestRunner.java:746)
	at org.testng.TestRunner.run(TestRunner.java:600)
	at org.testng.SuiteRunner.runTest(SuiteRunner.java:366)
	at org.testng.SuiteRunner.runSequentially(SuiteRunner.java:361)
	at org.testng.SuiteRunner.privateRun(SuiteRunner.java:319)
	at org.testng.SuiteRunner.run(SuiteRunner.java:268)
	at org.testng.SuiteRunnerWorker.runSuite(SuiteRunnerWorker.java:52)
	at org.testng.SuiteRunnerWorker.run(SuiteRunnerWorker.java:86)
	at org.testng.TestNG.runSuitesSequentially(TestNG.java:1264)
	at org.testng.TestNG.runSuitesLocally(TestNG.java:1189)
	at org.testng.TestNG.runSuites(TestNG.java:1104)
	at org.testng.TestNG.run(TestNG.java:1076)
	at org.testng.remote.AbstractRemoteTestNG.run(AbstractRemoteTestNG.java:126)
	at org.testng.remote.RemoteTestNG.initAndRun(RemoteTestNG.java:152)
	at org.testng.remote.RemoteTestNG.main(RemoteTestNG.java:57)
]]>
            </full-stacktrace>
          </exception> <!-- org.testng.TestNGException -->
          <reporter-output>
          </reporter-output>
        </test-method> <!-- test_editToConfigureHotLineNumber_Virtual -->
        <test-method status="PASS" signature="test_editToSetFirst_LastNames_virtualExt(java.lang.reflect.Method)[pri:0, instance:tests.PM_VirtualExtension_Test@e45f292]" name="test_editToSetFirst_LastNames_virtualExt" duration-ms="39285" started-at="2020-01-21T12:09:57Z" finished-at="2020-01-21T12:10:36Z">
          <params>
            <param index="0">
              <value>
                <![CDATA[public void tests.PM_VirtualExtension_Test.test_editToSetFirst_LastNames_virtualExt(java.lang.reflect.Method) throws java.lang.Exception]]>
              </value>
            </param>
          </params>
          <reporter-output>
          </reporter-output>
        </test-method> <!-- test_editToSetFirst_LastNames_virtualExt -->
        <test-method status="PASS" signature="afterMethod(org.testng.ITestResult)[pri:0, instance:tests.PM_VirtualExtension_Test@e45f292]" name="afterMethod" is-config="true" duration-ms="60" started-at="2020-01-21T12:10:36Z" finished-at="2020-01-21T12:10:36Z">
          <params>
            <param index="0">
              <value>
                <![CDATA[[TestResult name=test_editToSetFirst_LastNames_virtualExt status=SUCCESS method=PM_VirtualExtension_Test.test_editToSetFirst_LastNames_virtualExt(java.lang.reflect.Method)[pri:0, instance:tests.PM_VirtualExtension_Test@e45f292] output={null}]]]>
              </value>
            </param>
          </params>
          <reporter-output>
          </reporter-output>
        </test-method> <!-- afterMethod -->
        <test-method status="PASS" signature="beforeMethod(org.testng.ITestContext)[pri:0, instance:tests.PM_VirtualExtension_Test@e45f292]" name="beforeMethod" is-config="true" duration-ms="3303" started-at="2020-01-21T12:10:36Z" finished-at="2020-01-21T12:10:39Z">
          <params>
            <param index="0">
              <value>
                <![CDATA[org.testng.TestRunner@1741afaf]]>
              </value>
            </param>
          </params>
          <reporter-output>
          </reporter-output>
        </test-method> <!-- beforeMethod -->
        <test-method status="PASS" signature="test_editUserAssign_Existing_VirtualExtension(java.lang.reflect.Method)[pri:0, instance:tests.PM_VirtualExtension_Test@e45f292]" name="test_editUserAssign_Existing_VirtualExtension" duration-ms="44010" started-at="2020-01-21T12:10:39Z" finished-at="2020-01-21T12:11:23Z">
          <params>
            <param index="0">
              <value>
                <![CDATA[public void tests.PM_VirtualExtension_Test.test_editUserAssign_Existing_VirtualExtension(java.lang.reflect.Method) throws java.lang.Exception]]>
              </value>
            </param>
          </params>
          <reporter-output>
          </reporter-output>
        </test-method> <!-- test_editUserAssign_Existing_VirtualExtension -->
        <test-method status="PASS" signature="afterMethod(org.testng.ITestResult)[pri:0, instance:tests.PM_VirtualExtension_Test@e45f292]" name="afterMethod" is-config="true" duration-ms="46" started-at="2020-01-21T12:11:23Z" finished-at="2020-01-21T12:11:23Z">
          <params>
            <param index="0">
              <value>
                <![CDATA[[TestResult name=test_editUserAssign_Existing_VirtualExtension status=SUCCESS method=PM_VirtualExtension_Test.test_editUserAssign_Existing_VirtualExtension(java.lang.reflect.Method)[pri:0, instance:tests.PM_VirtualExtension_Test@e45f292] output={null}]]]>
              </value>
            </param>
          </params>
          <reporter-output>
          </reporter-output>
        </test-method> <!-- afterMethod -->
        <test-method status="PASS" signature="beforeMethod(org.testng.ITestContext)[pri:0, instance:tests.PM_VirtualExtension_Test@e45f292]" name="beforeMethod" is-config="true" duration-ms="3260" started-at="2020-01-21T12:11:23Z" finished-at="2020-01-21T12:11:27Z">
          <params>
            <param index="0">
              <value>
                <![CDATA[org.testng.TestRunner@1741afaf]]>
              </value>
            </param>
          </params>
          <reporter-output>
          </reporter-output>
        </test-method> <!-- beforeMethod -->
        <test-method status="PASS" signature="test_editUserToRemove_VirtualExtension(java.lang.reflect.Method)[pri:0, instance:tests.PM_VirtualExtension_Test@e45f292]" name="test_editUserToRemove_VirtualExtension" duration-ms="68791" started-at="2020-01-21T12:11:27Z" finished-at="2020-01-21T12:12:35Z">
          <params>
            <param index="0">
              <value>
                <![CDATA[public void tests.PM_VirtualExtension_Test.test_editUserToRemove_VirtualExtension(java.lang.reflect.Method) throws java.lang.Exception]]>
              </value>
            </param>
          </params>
          <reporter-output>
          </reporter-output>
        </test-method> <!-- test_editUserToRemove_VirtualExtension -->
        <test-method status="PASS" signature="afterMethod(org.testng.ITestResult)[pri:0, instance:tests.PM_VirtualExtension_Test@e45f292]" name="afterMethod" is-config="true" duration-ms="61" started-at="2020-01-21T12:12:35Z" finished-at="2020-01-21T12:12:35Z">
          <params>
            <param index="0">
              <value>
                <![CDATA[[TestResult name=test_editUserToRemove_VirtualExtension status=SUCCESS method=PM_VirtualExtension_Test.test_editUserToRemove_VirtualExtension(java.lang.reflect.Method)[pri:0, instance:tests.PM_VirtualExtension_Test@e45f292] output={null}]]]>
              </value>
            </param>
          </params>
          <reporter-output>
          </reporter-output>
        </test-method> <!-- afterMethod -->
        <test-method status="PASS" signature="beforeMethod(org.testng.ITestContext)[pri:0, instance:tests.PM_VirtualExtension_Test@e45f292]" name="beforeMethod" is-config="true" duration-ms="3260" started-at="2020-01-21T12:12:35Z" finished-at="2020-01-21T12:12:39Z">
          <params>
            <param index="0">
              <value>
                <![CDATA[org.testng.TestRunner@1741afaf]]>
              </value>
            </param>
          </params>
          <reporter-output>
          </reporter-output>
        </test-method> <!-- beforeMethod -->
        <test-method status="PASS" signature="test_editUser_Assign_New_VirtualExtension(java.lang.reflect.Method)[pri:0, instance:tests.PM_VirtualExtension_Test@e45f292]" name="test_editUser_Assign_New_VirtualExtension" duration-ms="50749" started-at="2020-01-21T12:12:39Z" finished-at="2020-01-21T12:13:29Z">
          <params>
            <param index="0">
              <value>
                <![CDATA[public void tests.PM_VirtualExtension_Test.test_editUser_Assign_New_VirtualExtension(java.lang.reflect.Method) throws java.lang.Exception]]>
              </value>
            </param>
          </params>
          <reporter-output>
          </reporter-output>
        </test-method> <!-- test_editUser_Assign_New_VirtualExtension -->
        <test-method status="PASS" signature="afterMethod(org.testng.ITestResult)[pri:0, instance:tests.PM_VirtualExtension_Test@e45f292]" name="afterMethod" is-config="true" duration-ms="69" started-at="2020-01-21T12:13:29Z" finished-at="2020-01-21T12:13:29Z">
          <params>
            <param index="0">
              <value>
                <![CDATA[[TestResult name=test_editUser_Assign_New_VirtualExtension status=SUCCESS method=PM_VirtualExtension_Test.test_editUser_Assign_New_VirtualExtension(java.lang.reflect.Method)[pri:0, instance:tests.PM_VirtualExtension_Test@e45f292] output={null}]]]>
              </value>
            </param>
          </params>
          <reporter-output>
          </reporter-output>
        </test-method> <!-- afterMethod -->
        <test-method status="PASS" signature="beforeMethod(org.testng.ITestContext)[pri:0, instance:tests.PM_VirtualExtension_Test@e45f292]" name="beforeMethod" is-config="true" duration-ms="3282" started-at="2020-01-21T12:13:29Z" finished-at="2020-01-21T12:13:33Z">
          <params>
            <param index="0">
              <value>
                <![CDATA[org.testng.TestRunner@1741afaf]]>
              </value>
            </param>
          </params>
          <reporter-output>
          </reporter-output>
        </test-method> <!-- beforeMethod -->
        <test-method status="FAIL" signature="test_edit_virtual_extension_CSP(java.lang.reflect.Method)[pri:0, instance:tests.PM_VirtualExtension_Test@e45f292]" name="test_edit_virtual_extension_CSP" duration-ms="37241" started-at="2020-01-21T12:13:33Z" finished-at="2020-01-21T12:14:10Z">
          <params>
            <param index="0">
              <value>
                <![CDATA[public void tests.PM_VirtualExtension_Test.test_edit_virtual_extension_CSP(java.lang.reflect.Method) throws java.lang.Exception]]>
              </value>
            </param>
          </params>
          <exception class="org.openqa.selenium.NoSuchElementException">
            <message>
              <![CDATA[Cannot locate option with index: 1
For documentation on this error, please visit: https://www.seleniumhq.org/exceptions/no_such_element.html
Build info: version: '3.141.59', revision: 'e82be7d358', time: '2018-11-14T08:17:03'
System info: host: 'DESKTOP-D19U8M5', ip: '10.211.163.181', os.name: 'Windows 10', os.arch: 'amd64', os.version: '10.0', java.version: '1.8.0_181'
Driver info: driver.version: unknown]]>
            </message>
            <full-stacktrace>
              <![CDATA[org.openqa.selenium.NoSuchElementException: Cannot locate option with index: 1
For documentation on this error, please visit: https://www.seleniumhq.org/exceptions/no_such_element.html
Build info: version: '3.141.59', revision: 'e82be7d358', time: '2018-11-14T08:17:03'
System info: host: 'DESKTOP-D19U8M5', ip: '10.211.163.181', os.name: 'Windows 10', os.arch: 'amd64', os.version: '10.0', java.version: '1.8.0_181'
Driver info: driver.version: unknown
	at org.openqa.selenium.support.ui.Select.setSelectedByIndex(Select.java:297)
	at org.openqa.selenium.support.ui.Select.selectByIndex(Select.java:172)
	at utilities.SelectDropDownValue.selectByIndex(SelectDropDownValue.java:12)
	at tests.PM_VirtualExtension_Test.test_edit_virtual_extension_CSP(PM_VirtualExtension_Test.java:262)
	at sun.reflect.NativeMethodAccessorImpl.invoke0(Native Method)
	at sun.reflect.NativeMethodAccessorImpl.invoke(NativeMethodAccessorImpl.java:62)
	at sun.reflect.DelegatingMethodAccessorImpl.invoke(DelegatingMethodAccessorImpl.java:43)
	at java.lang.reflect.Method.invoke(Method.java:498)
	at org.testng.internal.MethodInvocationHelper.invokeMethod(MethodInvocationHelper.java:100)
	at org.testng.internal.Invoker.invokeMethod(Invoker.java:646)
	at org.testng.internal.Invoker.invokeTestMethod(Invoker.java:811)
	at org.testng.internal.Invoker.invokeTestMethods(Invoker.java:1129)
	at org.testng.internal.TestMethodWorker.invokeTestMethods(TestMethodWorker.java:129)
	at org.testng.internal.TestMethodWorker.run(TestMethodWorker.java:112)
	at org.testng.TestRunner.privateRun(TestRunner.java:746)
	at org.testng.TestRunner.run(TestRunner.java:600)
	at org.testng.SuiteRunner.runTest(SuiteRunner.java:366)
	at org.testng.SuiteRunner.runSequentially(SuiteRunner.java:361)
	at org.testng.SuiteRunner.privateRun(SuiteRunner.java:319)
	at org.testng.SuiteRunner.run(SuiteRunner.java:268)
	at org.testng.SuiteRunnerWorker.runSuite(SuiteRunnerWorker.java:52)
	at org.testng.SuiteRunnerWorker.run(SuiteRunnerWorker.java:86)
	at org.testng.TestNG.runSuitesSequentially(TestNG.java:1264)
	at org.testng.TestNG.runSuitesLocally(TestNG.java:1189)
	at org.testng.TestNG.runSuites(TestNG.java:1104)
	at org.testng.TestNG.run(TestNG.java:1076)
	at org.testng.remote.AbstractRemoteTestNG.run(AbstractRemoteTestNG.java:126)
	at org.testng.remote.RemoteTestNG.initAndRun(RemoteTestNG.java:152)
	at org.testng.remote.RemoteTestNG.main(RemoteTestNG.java:57)
]]>
            </full-stacktrace>
          </exception> <!-- org.openqa.selenium.NoSuchElementException -->
          <reporter-output>
          </reporter-output>
        </test-method> <!-- test_edit_virtual_extension_CSP -->
        <test-method status="PASS" signature="afterMethod(org.testng.ITestResult)[pri:0, instance:tests.PM_VirtualExtension_Test@e45f292]" name="afterMethod" is-config="true" duration-ms="57" started-at="2020-01-21T12:14:10Z" finished-at="2020-01-21T12:14:10Z">
          <params>
            <param index="0">
              <value>
                <![CDATA[[TestResult name=test_edit_virtual_extension_CSP status=FAILURE method=PM_VirtualExtension_Test.test_edit_virtual_extension_CSP(java.lang.reflect.Method)[pri:0, instance:tests.PM_VirtualExtension_Test@e45f292] output={null}]]]>
              </value>
            </param>
          </params>
          <reporter-output>
          </reporter-output>
        </test-method> <!-- afterMethod -->
        <test-method status="PASS" signature="afterClass()[pri:0, instance:tests.PM_VirtualExtension_Test@e45f292]" name="afterClass" is-config="true" duration-ms="0" started-at="2020-01-21T12:14:10Z" finished-at="2020-01-21T12:14:10Z">
          <reporter-output>
          </reporter-output>
        </test-method> <!-- afterClass -->
        <test-method status="PASS" signature="afterSuite()[pri:0, instance:tests.PM_VirtualExtension_Test@e45f292]" name="afterSuite" is-config="true" duration-ms="0" started-at="2020-01-21T12:14:10Z" finished-at="2020-01-21T12:14:10Z">
          <reporter-output>
          </reporter-output>
        </test-method> <!-- afterSuite -->
      </class> <!-- tests.PM_VirtualExtension_Test -->
    </test> <!-- Default test -->
  </suite> <!-- Default suite -->
</testng-results>
