<?xml version="1.0" encoding="UTF-8"?>
<testng-results skipped="0" failed="0" ignored="0" total="1" passed="1">
  <reporter-output>
  </reporter-output>
  <suite name="Default suite" duration-ms="15273" started-at="2019-10-27T10:43:05Z" finished-at="2019-10-27T10:43:20Z">
    <groups>
    </groups>
    <test name="Default test" duration-ms="15273" started-at="2019-10-27T10:43:05Z" finished-at="2019-10-27T10:43:20Z">
      <class name="tests.SNM_Telephony_AccountCode_Test">
        <test-method status="PASS" signature="beforeSuite()[pri:0, instance:tests.SNM_Telephony_AccountCode_Test@67205a84]" name="beforeSuite" is-config="true" duration-ms="950" started-at="2019-10-27T10:43:04Z" finished-at="2019-10-27T10:43:05Z">
          <reporter-output>
          </reporter-output>
        </test-method> <!-- beforeSuite -->
        <test-method status="PASS" signature="beforeClass()[pri:0, instance:tests.SNM_Telephony_AccountCode_Test@67205a84]" name="beforeClass" is-config="true" duration-ms="0" started-at="2019-10-27T10:43:05Z" finished-at="2019-10-27T10:43:05Z">
          <reporter-output>
          </reporter-output>
        </test-method> <!-- beforeClass -->
        <test-method status="PASS" signature="beforeMethod(org.testng.ITestContext)[pri:0, instance:tests.SNM_Telephony_AccountCode_Test@67205a84]" name="beforeMethod" is-config="true" duration-ms="3492" started-at="2019-10-27T10:43:05Z" finished-at="2019-10-27T10:43:08Z">
          <params>
            <param index="0">
              <value>
                <![CDATA[org.testng.TestRunner@5aceec94]]>
              </value>
            </param>
          </params>
          <reporter-output>
          </reporter-output>
        </test-method> <!-- beforeMethod -->
        <test-method status="PASS" signature="test_delete_accountCode_using_delete_button(java.lang.reflect.Method)[pri:0, instance:tests.SNM_Telephony_AccountCode_Test@67205a84]" name="test_delete_accountCode_using_delete_button" duration-ms="9433" started-at="2019-10-27T10:43:08Z" finished-at="2019-10-27T10:43:18Z">
          <params>
            <param index="0">
              <value>
                <![CDATA[public void tests.SNM_Telephony_AccountCode_Test.test_delete_accountCode_using_delete_button(java.lang.reflect.Method) throws java.lang.Exception]]>
              </value>
            </param>
          </params>
          <reporter-output>
          </reporter-output>
        </test-method> <!-- test_delete_accountCode_using_delete_button -->
        <test-method status="PASS" signature="afterMethod(org.testng.ITestResult)[pri:0, instance:tests.SNM_Telephony_AccountCode_Test@67205a84]" name="afterMethod" is-config="true" duration-ms="2322" started-at="2019-10-27T10:43:18Z" finished-at="2019-10-27T10:43:20Z">
          <params>
            <param index="0">
              <value>
                <![CDATA[[TestResult name=test_delete_accountCode_using_delete_button status=SUCCESS method=SNM_Telephony_AccountCode_Test.test_delete_accountCode_using_delete_button(java.lang.reflect.Method)[pri:0, instance:tests.SNM_Telephony_AccountCode_Test@67205a84] output={null}]]]>
              </value>
            </param>
          </params>
          <reporter-output>
          </reporter-output>
        </test-method> <!-- afterMethod -->
        <test-method status="PASS" signature="afterClass()[pri:0, instance:tests.SNM_Telephony_AccountCode_Test@67205a84]" name="afterClass" is-config="true" duration-ms="1" started-at="2019-10-27T10:43:20Z" finished-at="2019-10-27T10:43:20Z">
          <reporter-output>
          </reporter-output>
        </test-method> <!-- afterClass -->
        <test-method status="PASS" signature="afterSuite()[pri:0, instance:tests.SNM_Telephony_AccountCode_Test@67205a84]" name="afterSuite" is-config="true" duration-ms="0" started-at="2019-10-27T10:43:20Z" finished-at="2019-10-27T10:43:20Z">
          <reporter-output>
          </reporter-output>
        </test-method> <!-- afterSuite -->
      </class> <!-- tests.SNM_Telephony_AccountCode_Test -->
    </test> <!-- Default test -->
  </suite> <!-- Default suite -->
</testng-results>
