<?xml version="1.0" encoding="UTF-8"?>
<!-- Generated by org.testng.reporters.JUnitXMLReporter -->
<testsuite hostname="IN-7SMH5H2" ignored="0" name="Default test" tests="3" failures="0" timestamp="20 Oct 2019 12:03:25 GMT" time="121.066" errors="0">
  <testcase name="test_create_directInwardServiceAccess" time="33.809" classname="tests.SNM_External_NumberSeries_Test"/>
  <testcase name="test_create_fictiousDestNumbers" time="32.547" classname="tests.SNM_External_NumberSeries_Test"/>
  <testcase name="test_create_publicDestLeastCostRouting" time="33.504" classname="tests.SNM_External_NumberSeries_Test"/>
</testsuite> <!-- Default test -->
