<?xml version="1.0" encoding="UTF-8"?>
<!-- Generated by org.testng.reporters.JUnitXMLReporter -->
<testsuite hostname="DESKTOP-D19U8M5" name="Default test(failed)(failed)(failed)" tests="2" failures="0" timestamp="16 Dec 2019 06:05:33 GMT" time="0.015" errors="0">
  <testcase name="test_editToConfigureSecondLineState" time="0.0" classname="tests.PM_Extension_Test">
    <skipped/>
  </testcase> <!-- test_editToConfigureSecondLineState -->
  <testcase name="test_editToConfigureHotLineNumber" time="0.0" classname="tests.PM_Extension_Test">
    <skipped/>
  </testcase> <!-- test_editToConfigureHotLineNumber -->
</testsuite> <!-- Default test(failed)(failed)(failed) -->
