<?xml version="1.0" encoding="UTF-8"?>
<!-- Generated by org.testng.reporters.JUnitXMLReporter -->
<testsuite hostname="IN-7SMH5H2" ignored="0" name="Test" tests="1" failures="1" timestamp="25 Aug 2019 14:23:42 GMT" time="7.947" errors="0">
  <testcase name="test_createDMN_FuncKey" time="0.051" classname="tests.PM_FunctionKeys_Test">
    <failure type="java.lang.NullPointerException">
      <![CDATA[java.lang.NullPointerException
at tests.PM_FunctionKeys_Test.test_createDMN_FuncKey(PM_FunctionKeys_Test.java:41)
... Removed 25 stack frames]]>
    </failure>
  </testcase> <!-- test_createDMN_FuncKey -->
</testsuite> <!-- Test -->
